mode: atomic
github.com/janreges/ai-distiller/cmd/ai-distiller/main.go:30.13,78.42 14 0
github.com/janreges/ai-distiller/cmd/ai-distiller/main.go:78.42,81.3 2 0
github.com/janreges/ai-distiller/cmd/ai-distiller/main.go:84.58,85.20 1 0
github.com/janreges/ai-distiller/cmd/ai-distiller/main.go:85.20,87.3 1 0
github.com/janreges/ai-distiller/cmd/ai-distiller/main.go:90.2,91.31 2 0
github.com/janreges/ai-distiller/cmd/ai-distiller/main.go:91.31,93.17 2 0
github.com/janreges/ai-distiller/cmd/ai-distiller/main.go:93.17,95.4 1 0
github.com/janreges/ai-distiller/cmd/ai-distiller/main.go:96.3,96.24 1 0
github.com/janreges/ai-distiller/cmd/ai-distiller/main.go:96.24,99.4 1 0
github.com/janreges/ai-distiller/cmd/ai-distiller/main.go:99.9,101.4 1 0
github.com/janreges/ai-distiller/cmd/ai-distiller/main.go:105.2,107.34 2 0
github.com/janreges/ai-distiller/cmd/ai-distiller/main.go:107.34,108.14 1 0
github.com/janreges/ai-distiller/cmd/ai-distiller/main.go:108.14,110.4 1 0
github.com/janreges/ai-distiller/cmd/ai-distiller/main.go:113.3,114.17 2 0
github.com/janreges/ai-distiller/cmd/ai-distiller/main.go:114.17,115.15 1 0
github.com/janreges/ai-distiller/cmd/ai-distiller/main.go:115.15,117.5 1 0
github.com/janreges/ai-distiller/cmd/ai-distiller/main.go:118.4,118.12 1 0
github.com/janreges/ai-distiller/cmd/ai-distiller/main.go:122.3,132.17 3 0
github.com/janreges/ai-distiller/cmd/ai-distiller/main.go:132.17,134.4 1 0
github.com/janreges/ai-distiller/cmd/ai-distiller/main.go:135.3,138.17 3 0
github.com/janreges/ai-distiller/cmd/ai-distiller/main.go:138.17,140.4 1 0
github.com/janreges/ai-distiller/cmd/ai-distiller/main.go:143.3,143.87 1 0
github.com/janreges/ai-distiller/cmd/ai-distiller/main.go:143.87,152.4 3 0
github.com/janreges/ai-distiller/cmd/ai-distiller/main.go:154.3,154.53 1 0
github.com/janreges/ai-distiller/cmd/ai-distiller/main.go:157.2,157.30 1 0
github.com/janreges/ai-distiller/cmd/ai-distiller/main.go:157.30,159.3 1 0
github.com/janreges/ai-distiller/cmd/ai-distiller/main.go:162.2,171.16 3 0
github.com/janreges/ai-distiller/cmd/ai-distiller/main.go:171.16,173.3 1 0
github.com/janreges/ai-distiller/cmd/ai-distiller/main.go:176.2,177.22 2 0
github.com/janreges/ai-distiller/cmd/ai-distiller/main.go:177.22,179.17 2 0
github.com/janreges/ai-distiller/cmd/ai-distiller/main.go:179.17,181.4 1 0
github.com/janreges/ai-distiller/cmd/ai-distiller/main.go:182.3,182.23 1 0
github.com/janreges/ai-distiller/cmd/ai-distiller/main.go:183.8,185.3 1 0
github.com/janreges/ai-distiller/cmd/ai-distiller/main.go:188.2,188.30 1 0
github.com/janreges/ai-distiller/cmd/ai-distiller/main.go:188.30,190.3 1 0
github.com/janreges/ai-distiller/cmd/ai-distiller/main.go:190.8,192.3 1 0
github.com/janreges/ai-distiller/cmd/ai-distiller/main.go:194.2,194.16 1 0
github.com/janreges/ai-distiller/cmd/ai-distiller/main.go:194.16,196.3 1 0
github.com/janreges/ai-distiller/cmd/ai-distiller/main.go:198.2,198.33 1 0
github.com/janreges/ai-distiller/cmd/ai-distiller/main.go:198.33,200.3 1 0
github.com/janreges/ai-distiller/cmd/ai-distiller/main.go:202.2,202.12 1 0
github.com/janreges/ai-distiller/cmd/ai-distiller/main.go:205.80,207.9 2 0
github.com/janreges/ai-distiller/cmd/ai-distiller/main.go:207.9,210.3 2 0
github.com/janreges/ai-distiller/cmd/ai-distiller/main.go:211.2,211.18 1 0
github.com/janreges/ai-distiller/cmd/ai-distiller/main.go:214.41,218.55 1 0
github.com/janreges/ai-distiller/cmd/ai-distiller/main.go:218.55,221.35 3 0
github.com/janreges/ai-distiller/cmd/ai-distiller/main.go:221.35,223.5 1 0
github.com/janreges/ai-distiller/cmd/ai-distiller/main.go:224.4,224.14 1 0
github.com/janreges/ai-distiller/cmd/ai-distiller/main.go:229.44,233.48 1 0
github.com/janreges/ai-distiller/cmd/ai-distiller/main.go:233.48,235.4 1 0
github.com/janreges/ai-distiller/cmd/aid/main.go:12.13,17.38 2 0
github.com/janreges/ai-distiller/cmd/aid/main.go:17.38,19.3 1 0
github.com/janreges/ai-distiller/internal/language/registry.go:20.26,23.55 2 0
github.com/janreges/ai-distiller/internal/language/registry.go:23.55,25.3 1 0
github.com/janreges/ai-distiller/internal/language/registry.go:28.2,29.52 2 0
github.com/janreges/ai-distiller/internal/language/registry.go:29.52,31.3 1 0
github.com/janreges/ai-distiller/internal/language/registry.go:34.2,35.51 2 0
github.com/janreges/ai-distiller/internal/language/registry.go:35.51,37.3 1 0
github.com/janreges/ai-distiller/internal/language/registry.go:40.2,41.51 2 0
github.com/janreges/ai-distiller/internal/language/registry.go:41.51,43.3 1 0
github.com/janreges/ai-distiller/internal/language/registry.go:46.2,47.51 2 0
github.com/janreges/ai-distiller/internal/language/registry.go:47.51,49.3 1 0
github.com/janreges/ai-distiller/internal/language/registry.go:52.2,53.53 2 0
github.com/janreges/ai-distiller/internal/language/registry.go:53.53,55.3 1 0
github.com/janreges/ai-distiller/internal/language/registry.go:58.2,59.54 2 0
github.com/janreges/ai-distiller/internal/language/registry.go:59.54,61.3 1 0
github.com/janreges/ai-distiller/internal/language/registry.go:64.2,65.53 2 0
github.com/janreges/ai-distiller/internal/language/registry.go:65.53,67.3 1 0
github.com/janreges/ai-distiller/internal/language/registry.go:70.2,71.53 2 0
github.com/janreges/ai-distiller/internal/language/registry.go:71.53,73.3 1 0
github.com/janreges/ai-distiller/internal/language/registry.go:76.2,77.55 2 0
github.com/janreges/ai-distiller/internal/language/registry.go:77.55,79.3 1 0
github.com/janreges/ai-distiller/internal/language/registry.go:82.2,83.55 2 0
github.com/janreges/ai-distiller/internal/language/registry.go:83.55,85.3 1 0
github.com/janreges/ai-distiller/internal/language/registry.go:88.2,89.52 2 0
github.com/janreges/ai-distiller/internal/language/registry.go:89.52,91.3 1 0
github.com/janreges/ai-distiller/internal/language/registry.go:96.2,96.12 1 0
github.com/janreges/ai-distiller/internal/language/registry.go:100.24,101.38 1 0
github.com/janreges/ai-distiller/internal/language/registry.go:101.38,102.13 1 0
github.com/janreges/ai-distiller/internal/language/registry.go:106.13,109.2 1 0
github.com/janreges/ai-distiller/internal/language/kotlin/processor.go:19.32,28.2 1 0
github.com/janreges/ai-distiller/internal/language/kotlin/processor.go:31.112,34.16 2 0
github.com/janreges/ai-distiller/internal/language/kotlin/processor.go:34.16,36.3 1 0
github.com/janreges/ai-distiller/internal/language/kotlin/processor.go:39.2,39.59 1 0
github.com/janreges/ai-distiller/internal/language/kotlin/processor.go:43.154,46.2 1 0
github.com/janreges/ai-distiller/internal/language/kotlin/tree_sitter_processor.go:19.52,26.2 3 0
github.com/janreges/ai-distiller/internal/language/kotlin/tree_sitter_processor.go:29.125,32.16 2 0
github.com/janreges/ai-distiller/internal/language/kotlin/tree_sitter_processor.go:32.16,34.3 1 0
github.com/janreges/ai-distiller/internal/language/kotlin/tree_sitter_processor.go:35.2,55.18 4 0
github.com/janreges/ai-distiller/internal/language/kotlin/tree_sitter_processor.go:59.126,62.18 2 0
github.com/janreges/ai-distiller/internal/language/kotlin/tree_sitter_processor.go:63.21,65.47 1 0
github.com/janreges/ai-distiller/internal/language/kotlin/tree_sitter_processor.go:65.47,68.4 2 0
github.com/janreges/ai-distiller/internal/language/kotlin/tree_sitter_processor.go:69.24,70.45 1 0
github.com/janreges/ai-distiller/internal/language/kotlin/tree_sitter_processor.go:71.38,72.38 1 0
github.com/janreges/ai-distiller/internal/language/kotlin/tree_sitter_processor.go:73.27,74.56 1 0
github.com/janreges/ai-distiller/internal/language/kotlin/tree_sitter_processor.go:75.31,76.60 1 0
github.com/janreges/ai-distiller/internal/language/kotlin/tree_sitter_processor.go:77.20,78.55 1 0
github.com/janreges/ai-distiller/internal/language/kotlin/tree_sitter_processor.go:79.28,80.57 1 0
github.com/janreges/ai-distiller/internal/language/kotlin/tree_sitter_processor.go:81.26,82.55 1 0
github.com/janreges/ai-distiller/internal/language/kotlin/tree_sitter_processor.go:83.30,84.59 1 0
github.com/janreges/ai-distiller/internal/language/kotlin/tree_sitter_processor.go:85.30,86.59 1 0
github.com/janreges/ai-distiller/internal/language/kotlin/tree_sitter_processor.go:87.31,88.60 1 0
github.com/janreges/ai-distiller/internal/language/kotlin/tree_sitter_processor.go:89.29,89.29 0 0
github.com/janreges/ai-distiller/internal/language/kotlin/tree_sitter_processor.go:92.10,94.47 1 0
github.com/janreges/ai-distiller/internal/language/kotlin/tree_sitter_processor.go:94.47,97.4 2 0
github.com/janreges/ai-distiller/internal/language/kotlin/tree_sitter_processor.go:102.110,109.46 2 0
github.com/janreges/ai-distiller/internal/language/kotlin/tree_sitter_processor.go:109.46,111.75 2 0
github.com/janreges/ai-distiller/internal/language/kotlin/tree_sitter_processor.go:111.75,113.9 2 0
github.com/janreges/ai-distiller/internal/language/kotlin/tree_sitter_processor.go:117.2,117.20 1 0
github.com/janreges/ai-distiller/internal/language/kotlin/tree_sitter_processor.go:117.20,119.3 1 0
github.com/janreges/ai-distiller/internal/language/kotlin/tree_sitter_processor.go:123.103,124.34 1 0
github.com/janreges/ai-distiller/internal/language/kotlin/tree_sitter_processor.go:124.34,126.47 1 0
github.com/janreges/ai-distiller/internal/language/kotlin/tree_sitter_processor.go:126.47,128.39 2 0
github.com/janreges/ai-distiller/internal/language/kotlin/tree_sitter_processor.go:128.39,130.5 1 0
github.com/janreges/ai-distiller/internal/language/kotlin/tree_sitter_processor.go:132.3,132.9 1 0
github.com/janreges/ai-distiller/internal/language/kotlin/tree_sitter_processor.go:136.2,148.46 5 0
github.com/janreges/ai-distiller/internal/language/kotlin/tree_sitter_processor.go:148.46,150.23 2 0
github.com/janreges/ai-distiller/internal/language/kotlin/tree_sitter_processor.go:151.43,152.66 1 0
github.com/janreges/ai-distiller/internal/language/kotlin/tree_sitter_processor.go:153.23,156.49 2 0
github.com/janreges/ai-distiller/internal/language/kotlin/tree_sitter_processor.go:156.49,158.91 2 0
github.com/janreges/ai-distiller/internal/language/kotlin/tree_sitter_processor.go:158.91,160.6 1 0
github.com/janreges/ai-distiller/internal/language/kotlin/tree_sitter_processor.go:162.26,163.67 1 0
github.com/janreges/ai-distiller/internal/language/kotlin/tree_sitter_processor.go:167.2,169.40 2 0
github.com/janreges/ai-distiller/internal/language/kotlin/tree_sitter_processor.go:169.40,172.21 2 0
github.com/janreges/ai-distiller/internal/language/kotlin/tree_sitter_processor.go:172.21,176.4 1 0
github.com/janreges/ai-distiller/internal/language/kotlin/tree_sitter_processor.go:177.8,177.21 1 0
github.com/janreges/ai-distiller/internal/language/kotlin/tree_sitter_processor.go:177.21,180.21 2 0
github.com/janreges/ai-distiller/internal/language/kotlin/tree_sitter_processor.go:180.21,185.4 1 0
github.com/janreges/ai-distiller/internal/language/kotlin/tree_sitter_processor.go:188.2,188.44 1 0
github.com/janreges/ai-distiller/internal/language/kotlin/tree_sitter_processor.go:192.138,201.46 2 0
github.com/janreges/ai-distiller/internal/language/kotlin/tree_sitter_processor.go:201.46,203.23 2 0
github.com/janreges/ai-distiller/internal/language/kotlin/tree_sitter_processor.go:204.20,205.44 1 0
github.com/janreges/ai-distiller/internal/language/kotlin/tree_sitter_processor.go:206.47,207.66 1 0
github.com/janreges/ai-distiller/internal/language/kotlin/tree_sitter_processor.go:208.26,209.49 1 0
github.com/janreges/ai-distiller/internal/language/kotlin/tree_sitter_processor.go:210.30,211.53 1 0
github.com/janreges/ai-distiller/internal/language/kotlin/tree_sitter_processor.go:212.31,213.54 1 0
github.com/janreges/ai-distiller/internal/language/kotlin/tree_sitter_processor.go:214.21,215.50 1 0
github.com/janreges/ai-distiller/internal/language/kotlin/tree_sitter_processor.go:220.2,220.28 1 0
github.com/janreges/ai-distiller/internal/language/kotlin/tree_sitter_processor.go:220.28,222.3 1 0
github.com/janreges/ai-distiller/internal/language/kotlin/tree_sitter_processor.go:224.2,224.36 1 0
github.com/janreges/ai-distiller/internal/language/kotlin/tree_sitter_processor.go:228.142,237.46 2 0
github.com/janreges/ai-distiller/internal/language/kotlin/tree_sitter_processor.go:237.46,239.23 2 0
github.com/janreges/ai-distiller/internal/language/kotlin/tree_sitter_processor.go:240.20,241.53 1 0
github.com/janreges/ai-distiller/internal/language/kotlin/tree_sitter_processor.go:242.47,243.66 1 0
github.com/janreges/ai-distiller/internal/language/kotlin/tree_sitter_processor.go:244.26,245.58 1 0
github.com/janreges/ai-distiller/internal/language/kotlin/tree_sitter_processor.go:246.31,247.63 1 0
github.com/janreges/ai-distiller/internal/language/kotlin/tree_sitter_processor.go:248.21,249.54 1 0
github.com/janreges/ai-distiller/internal/language/kotlin/tree_sitter_processor.go:254.2,254.28 1 0
github.com/janreges/ai-distiller/internal/language/kotlin/tree_sitter_processor.go:254.28,256.3 1 0
github.com/janreges/ai-distiller/internal/language/kotlin/tree_sitter_processor.go:258.2,258.36 1 0
github.com/janreges/ai-distiller/internal/language/kotlin/tree_sitter_processor.go:262.137,271.46 2 0
github.com/janreges/ai-distiller/internal/language/kotlin/tree_sitter_processor.go:271.46,273.23 2 0
github.com/janreges/ai-distiller/internal/language/kotlin/tree_sitter_processor.go:274.20,275.47 1 0
github.com/janreges/ai-distiller/internal/language/kotlin/tree_sitter_processor.go:276.47,277.65 1 0
github.com/janreges/ai-distiller/internal/language/kotlin/tree_sitter_processor.go:278.30,280.56 1 0
github.com/janreges/ai-distiller/internal/language/kotlin/tree_sitter_processor.go:281.26,282.48 1 0
github.com/janreges/ai-distiller/internal/language/kotlin/tree_sitter_processor.go:287.2,287.27 1 0
github.com/janreges/ai-distiller/internal/language/kotlin/tree_sitter_processor.go:287.27,289.3 1 0
github.com/janreges/ai-distiller/internal/language/kotlin/tree_sitter_processor.go:291.2,291.35 1 0
github.com/janreges/ai-distiller/internal/language/kotlin/tree_sitter_processor.go:295.139,306.46 2 0
github.com/janreges/ai-distiller/internal/language/kotlin/tree_sitter_processor.go:306.46,308.23 2 0
github.com/janreges/ai-distiller/internal/language/kotlin/tree_sitter_processor.go:309.20,310.42 1 0
github.com/janreges/ai-distiller/internal/language/kotlin/tree_sitter_processor.go:311.47,312.64 1 0
github.com/janreges/ai-distiller/internal/language/kotlin/tree_sitter_processor.go:313.31,314.52 1 0
github.com/janreges/ai-distiller/internal/language/kotlin/tree_sitter_processor.go:315.21,316.48 1 0
github.com/janreges/ai-distiller/internal/language/kotlin/tree_sitter_processor.go:321.2,321.26 1 0
github.com/janreges/ai-distiller/internal/language/kotlin/tree_sitter_processor.go:321.26,323.3 1 0
github.com/janreges/ai-distiller/internal/language/kotlin/tree_sitter_processor.go:325.2,325.34 1 0
github.com/janreges/ai-distiller/internal/language/kotlin/tree_sitter_processor.go:329.137,341.46 2 0
github.com/janreges/ai-distiller/internal/language/kotlin/tree_sitter_processor.go:341.46,343.23 2 0
github.com/janreges/ai-distiller/internal/language/kotlin/tree_sitter_processor.go:344.20,345.48 1 0
github.com/janreges/ai-distiller/internal/language/kotlin/tree_sitter_processor.go:346.47,347.70 1 0
github.com/janreges/ai-distiller/internal/language/kotlin/tree_sitter_processor.go:348.21,349.54 1 0
github.com/janreges/ai-distiller/internal/language/kotlin/tree_sitter_processor.go:353.2,353.40 1 0
github.com/janreges/ai-distiller/internal/language/kotlin/tree_sitter_processor.go:357.141,369.46 3 0
github.com/janreges/ai-distiller/internal/language/kotlin/tree_sitter_processor.go:369.46,371.23 2 0
github.com/janreges/ai-distiller/internal/language/kotlin/tree_sitter_processor.go:372.20,373.55 1 0
github.com/janreges/ai-distiller/internal/language/kotlin/tree_sitter_processor.go:374.26,374.26 0 0
github.com/janreges/ai-distiller/internal/language/kotlin/tree_sitter_processor.go:376.36,377.48 1 0
github.com/janreges/ai-distiller/internal/language/kotlin/tree_sitter_processor.go:378.28,379.27 1 0
github.com/janreges/ai-distiller/internal/language/kotlin/tree_sitter_processor.go:379.27,381.5 1 0
github.com/janreges/ai-distiller/internal/language/kotlin/tree_sitter_processor.go:382.37,385.27 2 0
github.com/janreges/ai-distiller/internal/language/kotlin/tree_sitter_processor.go:385.27,388.5 1 0
github.com/janreges/ai-distiller/internal/language/kotlin/tree_sitter_processor.go:388.10,388.38 1 0
github.com/janreges/ai-distiller/internal/language/kotlin/tree_sitter_processor.go:388.38,391.5 1 0
github.com/janreges/ai-distiller/internal/language/kotlin/tree_sitter_processor.go:392.24,393.50 1 0
github.com/janreges/ai-distiller/internal/language/kotlin/tree_sitter_processor.go:398.2,398.24 1 0
github.com/janreges/ai-distiller/internal/language/kotlin/tree_sitter_processor.go:398.24,401.3 2 0
github.com/janreges/ai-distiller/internal/language/kotlin/tree_sitter_processor.go:404.2,404.31 1 0
github.com/janreges/ai-distiller/internal/language/kotlin/tree_sitter_processor.go:404.31,406.3 1 0
github.com/janreges/ai-distiller/internal/language/kotlin/tree_sitter_processor.go:408.2,408.39 1 0
github.com/janreges/ai-distiller/internal/language/kotlin/tree_sitter_processor.go:412.141,425.46 4 0
github.com/janreges/ai-distiller/internal/language/kotlin/tree_sitter_processor.go:425.46,427.23 2 0
github.com/janreges/ai-distiller/internal/language/kotlin/tree_sitter_processor.go:428.20,429.55 1 0
github.com/janreges/ai-distiller/internal/language/kotlin/tree_sitter_processor.go:430.21,431.33 1 0
github.com/janreges/ai-distiller/internal/language/kotlin/tree_sitter_processor.go:432.31,433.57 1 0
github.com/janreges/ai-distiller/internal/language/kotlin/tree_sitter_processor.go:434.17,435.20 1 0
github.com/janreges/ai-distiller/internal/language/kotlin/tree_sitter_processor.go:436.17,437.20 1 0
github.com/janreges/ai-distiller/internal/language/kotlin/tree_sitter_processor.go:438.28,440.67 1 0
github.com/janreges/ai-distiller/internal/language/kotlin/tree_sitter_processor.go:445.2,445.11 1 0
github.com/janreges/ai-distiller/internal/language/kotlin/tree_sitter_processor.go:445.11,447.3 1 0
github.com/janreges/ai-distiller/internal/language/kotlin/tree_sitter_processor.go:450.2,450.28 1 0
github.com/janreges/ai-distiller/internal/language/kotlin/tree_sitter_processor.go:450.28,452.16 2 0
github.com/janreges/ai-distiller/internal/language/kotlin/tree_sitter_processor.go:452.16,454.4 1 0
github.com/janreges/ai-distiller/internal/language/kotlin/tree_sitter_processor.go:455.3,455.16 1 0
github.com/janreges/ai-distiller/internal/language/kotlin/tree_sitter_processor.go:455.16,457.4 1 0
github.com/janreges/ai-distiller/internal/language/kotlin/tree_sitter_processor.go:458.3,458.100 1 0
github.com/janreges/ai-distiller/internal/language/kotlin/tree_sitter_processor.go:462.2,462.31 1 0
github.com/janreges/ai-distiller/internal/language/kotlin/tree_sitter_processor.go:462.31,464.3 1 0
github.com/janreges/ai-distiller/internal/language/kotlin/tree_sitter_processor.go:466.2,466.39 1 0
github.com/janreges/ai-distiller/internal/language/kotlin/tree_sitter_processor.go:470.142,481.46 2 0
github.com/janreges/ai-distiller/internal/language/kotlin/tree_sitter_processor.go:481.46,483.23 2 0
github.com/janreges/ai-distiller/internal/language/kotlin/tree_sitter_processor.go:484.20,485.58 1 0
github.com/janreges/ai-distiller/internal/language/kotlin/tree_sitter_processor.go:486.36,487.51 1 0
github.com/janreges/ai-distiller/internal/language/kotlin/tree_sitter_processor.go:488.38,490.73 1 0
github.com/janreges/ai-distiller/internal/language/kotlin/tree_sitter_processor.go:491.16,492.82 1 0
github.com/janreges/ai-distiller/internal/language/kotlin/tree_sitter_processor.go:497.2,497.34 1 0
github.com/janreges/ai-distiller/internal/language/kotlin/tree_sitter_processor.go:497.34,499.3 1 0
github.com/janreges/ai-distiller/internal/language/kotlin/tree_sitter_processor.go:501.2,501.42 1 0
github.com/janreges/ai-distiller/internal/language/kotlin/tree_sitter_processor.go:505.117,518.46 2 0
github.com/janreges/ai-distiller/internal/language/kotlin/tree_sitter_processor.go:518.46,520.23 2 0
github.com/janreges/ai-distiller/internal/language/kotlin/tree_sitter_processor.go:521.20,522.58 1 0
github.com/janreges/ai-distiller/internal/language/kotlin/tree_sitter_processor.go:523.26,528.44 3 0
github.com/janreges/ai-distiller/internal/language/kotlin/tree_sitter_processor.go:528.44,530.5 1 0
github.com/janreges/ai-distiller/internal/language/kotlin/tree_sitter_processor.go:535.2,535.34 1 0
github.com/janreges/ai-distiller/internal/language/kotlin/tree_sitter_processor.go:535.34,537.3 1 0
github.com/janreges/ai-distiller/internal/language/kotlin/tree_sitter_processor.go:540.2,540.54 1 0
github.com/janreges/ai-distiller/internal/language/kotlin/tree_sitter_processor.go:546.108,547.46 1 0
github.com/janreges/ai-distiller/internal/language/kotlin/tree_sitter_processor.go:547.46,551.15 3 0
github.com/janreges/ai-distiller/internal/language/kotlin/tree_sitter_processor.go:552.17,553.42 1 0
github.com/janreges/ai-distiller/internal/language/kotlin/tree_sitter_processor.go:554.20,555.45 1 0
github.com/janreges/ai-distiller/internal/language/kotlin/tree_sitter_processor.go:556.18,557.43 1 0
github.com/janreges/ai-distiller/internal/language/kotlin/tree_sitter_processor.go:558.19,559.44 1 0
github.com/janreges/ai-distiller/internal/language/kotlin/tree_sitter_processor.go:560.19,561.66 1 0
github.com/janreges/ai-distiller/internal/language/kotlin/tree_sitter_processor.go:562.16,563.63 1 0
github.com/janreges/ai-distiller/internal/language/kotlin/tree_sitter_processor.go:564.15,564.15 0 0
github.com/janreges/ai-distiller/internal/language/kotlin/tree_sitter_processor.go:566.17,567.64 1 0
github.com/janreges/ai-distiller/internal/language/kotlin/tree_sitter_processor.go:568.15,569.62 1 0
github.com/janreges/ai-distiller/internal/language/kotlin/tree_sitter_processor.go:570.16,572.57 1 0
github.com/janreges/ai-distiller/internal/language/kotlin/tree_sitter_processor.go:573.16,575.57 1 0
github.com/janreges/ai-distiller/internal/language/kotlin/tree_sitter_processor.go:576.17,577.58 1 0
github.com/janreges/ai-distiller/internal/language/kotlin/tree_sitter_processor.go:581.3,581.66 1 0
github.com/janreges/ai-distiller/internal/language/kotlin/tree_sitter_processor.go:581.66,583.4 1 0
github.com/janreges/ai-distiller/internal/language/kotlin/tree_sitter_processor.go:588.121,589.46 1 0
github.com/janreges/ai-distiller/internal/language/kotlin/tree_sitter_processor.go:589.46,593.15 3 0
github.com/janreges/ai-distiller/internal/language/kotlin/tree_sitter_processor.go:594.17,595.42 1 0
github.com/janreges/ai-distiller/internal/language/kotlin/tree_sitter_processor.go:596.20,597.45 1 0
github.com/janreges/ai-distiller/internal/language/kotlin/tree_sitter_processor.go:598.18,599.43 1 0
github.com/janreges/ai-distiller/internal/language/kotlin/tree_sitter_processor.go:600.19,601.44 1 0
github.com/janreges/ai-distiller/internal/language/kotlin/tree_sitter_processor.go:602.17,602.17 0 0
github.com/janreges/ai-distiller/internal/language/kotlin/tree_sitter_processor.go:604.14,604.14 0 0
github.com/janreges/ai-distiller/internal/language/kotlin/tree_sitter_processor.go:610.3,610.66 1 0
github.com/janreges/ai-distiller/internal/language/kotlin/tree_sitter_processor.go:610.67,612.4 0 0
github.com/janreges/ai-distiller/internal/language/kotlin/tree_sitter_processor.go:617.110,618.46 1 0
github.com/janreges/ai-distiller/internal/language/kotlin/tree_sitter_processor.go:618.46,622.15 3 0
github.com/janreges/ai-distiller/internal/language/kotlin/tree_sitter_processor.go:623.17,624.41 1 0
github.com/janreges/ai-distiller/internal/language/kotlin/tree_sitter_processor.go:625.20,626.44 1 0
github.com/janreges/ai-distiller/internal/language/kotlin/tree_sitter_processor.go:627.18,628.42 1 0
github.com/janreges/ai-distiller/internal/language/kotlin/tree_sitter_processor.go:629.19,630.43 1 0
github.com/janreges/ai-distiller/internal/language/kotlin/tree_sitter_processor.go:634.3,634.66 1 0
github.com/janreges/ai-distiller/internal/language/kotlin/tree_sitter_processor.go:634.67,636.4 0 0
github.com/janreges/ai-distiller/internal/language/kotlin/tree_sitter_processor.go:641.122,642.46 1 0
github.com/janreges/ai-distiller/internal/language/kotlin/tree_sitter_processor.go:642.46,646.15 3 0
github.com/janreges/ai-distiller/internal/language/kotlin/tree_sitter_processor.go:647.17,648.45 1 0
github.com/janreges/ai-distiller/internal/language/kotlin/tree_sitter_processor.go:649.20,650.48 1 0
github.com/janreges/ai-distiller/internal/language/kotlin/tree_sitter_processor.go:651.18,652.46 1 0
github.com/janreges/ai-distiller/internal/language/kotlin/tree_sitter_processor.go:653.19,654.47 1 0
github.com/janreges/ai-distiller/internal/language/kotlin/tree_sitter_processor.go:655.19,656.72 1 0
github.com/janreges/ai-distiller/internal/language/kotlin/tree_sitter_processor.go:657.16,658.69 1 0
github.com/janreges/ai-distiller/internal/language/kotlin/tree_sitter_processor.go:659.19,660.72 1 0
github.com/janreges/ai-distiller/internal/language/kotlin/tree_sitter_processor.go:661.15,661.15 0 0
github.com/janreges/ai-distiller/internal/language/kotlin/tree_sitter_processor.go:663.17,664.70 1 0
github.com/janreges/ai-distiller/internal/language/kotlin/tree_sitter_processor.go:665.18,666.69 1 0
github.com/janreges/ai-distiller/internal/language/kotlin/tree_sitter_processor.go:667.19,668.66 1 0
github.com/janreges/ai-distiller/internal/language/kotlin/tree_sitter_processor.go:669.16,670.63 1 0
github.com/janreges/ai-distiller/internal/language/kotlin/tree_sitter_processor.go:671.18,672.65 1 0
github.com/janreges/ai-distiller/internal/language/kotlin/tree_sitter_processor.go:676.3,676.66 1 0
github.com/janreges/ai-distiller/internal/language/kotlin/tree_sitter_processor.go:676.66,678.4 1 0
github.com/janreges/ai-distiller/internal/language/kotlin/tree_sitter_processor.go:683.119,684.46 1 0
github.com/janreges/ai-distiller/internal/language/kotlin/tree_sitter_processor.go:684.46,688.15 3 0
github.com/janreges/ai-distiller/internal/language/kotlin/tree_sitter_processor.go:689.17,690.45 1 0
github.com/janreges/ai-distiller/internal/language/kotlin/tree_sitter_processor.go:691.20,692.48 1 0
github.com/janreges/ai-distiller/internal/language/kotlin/tree_sitter_processor.go:693.18,694.46 1 0
github.com/janreges/ai-distiller/internal/language/kotlin/tree_sitter_processor.go:695.19,696.47 1 0
github.com/janreges/ai-distiller/internal/language/kotlin/tree_sitter_processor.go:697.19,698.72 1 0
github.com/janreges/ai-distiller/internal/language/kotlin/tree_sitter_processor.go:699.19,701.66 1 0
github.com/janreges/ai-distiller/internal/language/kotlin/tree_sitter_processor.go:702.16,703.69 1 0
github.com/janreges/ai-distiller/internal/language/kotlin/tree_sitter_processor.go:707.3,707.66 1 0
github.com/janreges/ai-distiller/internal/language/kotlin/tree_sitter_processor.go:707.66,709.4 1 0
github.com/janreges/ai-distiller/internal/language/kotlin/tree_sitter_processor.go:714.105,716.38 2 0
github.com/janreges/ai-distiller/internal/language/kotlin/tree_sitter_processor.go:716.38,718.3 1 0
github.com/janreges/ai-distiller/internal/language/kotlin/tree_sitter_processor.go:719.2,719.44 1 0
github.com/janreges/ai-distiller/internal/language/kotlin/tree_sitter_processor.go:723.113,728.2 2 0
github.com/janreges/ai-distiller/internal/language/kotlin/tree_sitter_processor.go:731.127,733.2 0 0
github.com/janreges/ai-distiller/internal/language/kotlin/tree_sitter_processor.go:736.118,737.46 1 0
github.com/janreges/ai-distiller/internal/language/kotlin/tree_sitter_processor.go:737.46,739.45 2 0
github.com/janreges/ai-distiller/internal/language/kotlin/tree_sitter_processor.go:739.45,742.22 2 0
github.com/janreges/ai-distiller/internal/language/kotlin/tree_sitter_processor.go:742.22,746.5 1 0
github.com/janreges/ai-distiller/internal/language/kotlin/tree_sitter_processor.go:752.131,753.46 1 0
github.com/janreges/ai-distiller/internal/language/kotlin/tree_sitter_processor.go:753.46,755.45 2 0
github.com/janreges/ai-distiller/internal/language/kotlin/tree_sitter_processor.go:755.45,757.22 2 0
github.com/janreges/ai-distiller/internal/language/kotlin/tree_sitter_processor.go:757.22,759.5 1 0
github.com/janreges/ai-distiller/internal/language/kotlin/tree_sitter_processor.go:765.98,766.46 1 0
github.com/janreges/ai-distiller/internal/language/kotlin/tree_sitter_processor.go:766.46,768.23 2 0
github.com/janreges/ai-distiller/internal/language/kotlin/tree_sitter_processor.go:769.37,770.39 1 0
github.com/janreges/ai-distiller/internal/language/kotlin/tree_sitter_processor.go:771.33,773.49 1 0
github.com/janreges/ai-distiller/internal/language/kotlin/tree_sitter_processor.go:773.49,775.41 2 0
github.com/janreges/ai-distiller/internal/language/kotlin/tree_sitter_processor.go:775.41,777.6 1 0
github.com/janreges/ai-distiller/internal/language/kotlin/tree_sitter_processor.go:781.2,781.12 1 0
github.com/janreges/ai-distiller/internal/language/kotlin/tree_sitter_processor.go:785.89,788.18 2 0
github.com/janreges/ai-distiller/internal/language/kotlin/tree_sitter_processor.go:789.46,790.76 1 0
github.com/janreges/ai-distiller/internal/language/kotlin/tree_sitter_processor.go:791.19,797.47 4 0
github.com/janreges/ai-distiller/internal/language/kotlin/tree_sitter_processor.go:797.47,799.24 2 0
github.com/janreges/ai-distiller/internal/language/kotlin/tree_sitter_processor.go:800.48,801.23 1 0
github.com/janreges/ai-distiller/internal/language/kotlin/tree_sitter_processor.go:801.23,803.6 1 0
github.com/janreges/ai-distiller/internal/language/kotlin/tree_sitter_processor.go:804.5,804.66 1 0
github.com/janreges/ai-distiller/internal/language/kotlin/tree_sitter_processor.go:805.26,807.50 1 0
github.com/janreges/ai-distiller/internal/language/kotlin/tree_sitter_processor.go:807.50,809.44 2 0
github.com/janreges/ai-distiller/internal/language/kotlin/tree_sitter_processor.go:809.44,810.55 1 0
github.com/janreges/ai-distiller/internal/language/kotlin/tree_sitter_processor.go:810.55,812.35 2 0
github.com/janreges/ai-distiller/internal/language/kotlin/tree_sitter_processor.go:812.35,814.27 2 0
github.com/janreges/ai-distiller/internal/language/kotlin/tree_sitter_processor.go:814.27,816.10 1 0
github.com/janreges/ai-distiller/internal/language/kotlin/tree_sitter_processor.go:824.3,828.4 1 0
github.com/janreges/ai-distiller/internal/language/kotlin/tree_sitter_processor.go:829.23,831.47 1 0
github.com/janreges/ai-distiller/internal/language/kotlin/tree_sitter_processor.go:831.47,833.27 2 0
github.com/janreges/ai-distiller/internal/language/kotlin/tree_sitter_processor.go:833.27,835.23 2 0
github.com/janreges/ai-distiller/internal/language/kotlin/tree_sitter_processor.go:835.23,838.6 2 0
github.com/janreges/ai-distiller/internal/language/kotlin/tree_sitter_processor.go:841.23,843.76 1 0
github.com/janreges/ai-distiller/internal/language/kotlin/tree_sitter_processor.go:847.2,847.75 1 0
github.com/janreges/ai-distiller/internal/language/kotlin/tree_sitter_processor.go:851.115,852.46 1 0
github.com/janreges/ai-distiller/internal/language/kotlin/tree_sitter_processor.go:852.46,854.34 2 0
github.com/janreges/ai-distiller/internal/language/kotlin/tree_sitter_processor.go:854.34,857.4 2 0
github.com/janreges/ai-distiller/internal/language/kotlin/tree_sitter_processor.go:862.96,865.46 2 0
github.com/janreges/ai-distiller/internal/language/kotlin/tree_sitter_processor.go:865.46,867.23 2 0
github.com/janreges/ai-distiller/internal/language/kotlin/tree_sitter_processor.go:868.28,869.66 1 0
github.com/janreges/ai-distiller/internal/language/kotlin/tree_sitter_processor.go:870.54,872.22 2 0
github.com/janreges/ai-distiller/internal/language/kotlin/tree_sitter_processor.go:872.22,874.5 1 0
github.com/janreges/ai-distiller/internal/language/kotlin/tree_sitter_processor.go:875.30,877.49 1 0
github.com/janreges/ai-distiller/internal/language/kotlin/tree_sitter_processor.go:877.49,879.76 2 0
github.com/janreges/ai-distiller/internal/language/kotlin/tree_sitter_processor.go:879.76,881.6 1 0
github.com/janreges/ai-distiller/internal/language/kotlin/tree_sitter_processor.go:883.39,885.27 1 0
github.com/janreges/ai-distiller/internal/language/kotlin/tree_sitter_processor.go:889.2,889.14 1 0
github.com/janreges/ai-distiller/internal/language/kotlin/tree_sitter_processor.go:893.101,896.46 2 0
github.com/janreges/ai-distiller/internal/language/kotlin/tree_sitter_processor.go:896.46,898.23 2 0
github.com/janreges/ai-distiller/internal/language/kotlin/tree_sitter_processor.go:899.28,900.66 1 0
github.com/janreges/ai-distiller/internal/language/kotlin/tree_sitter_processor.go:901.37,903.22 2 0
github.com/janreges/ai-distiller/internal/language/kotlin/tree_sitter_processor.go:903.22,905.5 1 0
github.com/janreges/ai-distiller/internal/language/kotlin/tree_sitter_processor.go:906.20,908.49 1 0
github.com/janreges/ai-distiller/internal/language/kotlin/tree_sitter_processor.go:908.49,910.76 2 0
github.com/janreges/ai-distiller/internal/language/kotlin/tree_sitter_processor.go:910.76,912.6 1 0
github.com/janreges/ai-distiller/internal/language/kotlin/tree_sitter_processor.go:917.2,917.14 1 0
github.com/janreges/ai-distiller/internal/language/kotlin/tree_sitter_processor.go:921.90,922.46 1 0
github.com/janreges/ai-distiller/internal/language/kotlin/tree_sitter_processor.go:922.46,924.53 2 0
github.com/janreges/ai-distiller/internal/language/kotlin/tree_sitter_processor.go:924.53,926.4 1 0
github.com/janreges/ai-distiller/internal/language/kotlin/tree_sitter_processor.go:928.2,928.14 1 0
github.com/janreges/ai-distiller/internal/language/kotlin/tree_sitter_processor.go:932.140,944.46 2 0
github.com/janreges/ai-distiller/internal/language/kotlin/tree_sitter_processor.go:944.46,946.28 2 0
github.com/janreges/ai-distiller/internal/language/kotlin/tree_sitter_processor.go:946.28,948.4 1 0
github.com/janreges/ai-distiller/internal/language/kotlin/tree_sitter_processor.go:950.3,950.34 1 0
github.com/janreges/ai-distiller/internal/language/kotlin/tree_sitter_processor.go:950.34,952.4 1 0
github.com/janreges/ai-distiller/internal/language/kotlin/tree_sitter_processor.go:955.2,955.51 1 0
github.com/janreges/ai-distiller/internal/language/kotlin/tree_sitter_processor.go:959.121,960.46 1 0
github.com/janreges/ai-distiller/internal/language/kotlin/tree_sitter_processor.go:960.46,962.23 2 0
github.com/janreges/ai-distiller/internal/language/kotlin/tree_sitter_processor.go:963.28,964.69 1 0
github.com/janreges/ai-distiller/internal/language/kotlin/tree_sitter_processor.go:965.37,966.48 1 0
github.com/janreges/ai-distiller/internal/language/kotlin/tree_sitter_processor.go:967.12,967.12 0 0
github.com/janreges/ai-distiller/internal/language/kotlin/tree_sitter_processor.go:969.11,971.46 1 0
github.com/janreges/ai-distiller/internal/language/kotlin/tree_sitter_processor.go:971.46,973.5 1 0
github.com/janreges/ai-distiller/internal/language/kotlin/tree_sitter_processor.go:979.117,981.46 1 0
github.com/janreges/ai-distiller/internal/language/kotlin/tree_sitter_processor.go:981.46,983.23 2 0
github.com/janreges/ai-distiller/internal/language/kotlin/tree_sitter_processor.go:984.16,985.79 1 0
github.com/janreges/ai-distiller/internal/language/kotlin/tree_sitter_processor.go:986.12,988.36 1 0
github.com/janreges/ai-distiller/internal/language/kotlin/tree_sitter_processor.go:988.36,991.5 2 0
github.com/janreges/ai-distiller/internal/language/kotlin/tree_sitter_processor.go:997.131,998.46 1 0
github.com/janreges/ai-distiller/internal/language/kotlin/tree_sitter_processor.go:998.46,1001.3 2 0
github.com/janreges/ai-distiller/internal/language/kotlin/tree_sitter_processor.go:1005.135,1006.46 1 0
github.com/janreges/ai-distiller/internal/language/kotlin/tree_sitter_processor.go:1006.46,1009.3 2 0
github.com/janreges/ai-distiller/internal/language/kotlin/tree_sitter_processor.go:1013.130,1014.46 1 0
github.com/janreges/ai-distiller/internal/language/kotlin/tree_sitter_processor.go:1014.46,1018.19 3 0
github.com/janreges/ai-distiller/internal/language/kotlin/tree_sitter_processor.go:1019.21,1020.51 1 0
github.com/janreges/ai-distiller/internal/language/kotlin/tree_sitter_processor.go:1021.55,1023.46 1 0
github.com/janreges/ai-distiller/internal/language/kotlin/tree_sitter_processor.go:1029.131,1038.46 2 0
github.com/janreges/ai-distiller/internal/language/kotlin/tree_sitter_processor.go:1038.46,1040.23 2 0
github.com/janreges/ai-distiller/internal/language/kotlin/tree_sitter_processor.go:1041.28,1042.66 1 0
github.com/janreges/ai-distiller/internal/language/kotlin/tree_sitter_processor.go:1043.26,1045.74 1 0
github.com/janreges/ai-distiller/internal/language/kotlin/tree_sitter_processor.go:1050.2,1050.48 1 0
github.com/janreges/ai-distiller/internal/language/kotlin/tree_sitter_processor.go:1050.48,1052.3 1 0
github.com/janreges/ai-distiller/internal/language/kotlin/tree_sitter_processor.go:1054.2,1054.36 1 0
github.com/janreges/ai-distiller/internal/language/kotlin/tree_sitter_processor.go:1058.119,1070.2 2 0
github.com/janreges/ai-distiller/internal/language/kotlin/tree_sitter_processor.go:1073.75,1080.2 1 0
github.com/janreges/ai-distiller/internal/language/kotlin/tree_sitter_processor.go:1083.116,1084.19 1 0
github.com/janreges/ai-distiller/internal/language/kotlin/tree_sitter_processor.go:1084.19,1085.29 1 0
github.com/janreges/ai-distiller/internal/language/kotlin/tree_sitter_processor.go:1086.27,1087.42 1 0
github.com/janreges/ai-distiller/internal/language/kotlin/tree_sitter_processor.go:1088.31,1089.42 1 0
github.com/janreges/ai-distiller/internal/language/kotlin/tree_sitter_processor.go:1090.26,1091.42 1 0
github.com/janreges/ai-distiller/internal/language/kotlin/tree_sitter_processor.go:1092.11,1093.48 1 0
github.com/janreges/ai-distiller/internal/language/kotlin/tree_sitter_processor.go:1095.8,1097.3 1 0
github.com/janreges/ai-distiller/internal/language/csharp/processor.go:19.32,28.2 1 0
github.com/janreges/ai-distiller/internal/language/csharp/processor.go:31.112,34.16 2 0
github.com/janreges/ai-distiller/internal/language/csharp/processor.go:34.16,36.3 1 0
github.com/janreges/ai-distiller/internal/language/csharp/processor.go:39.2,39.59 1 0
github.com/janreges/ai-distiller/internal/language/csharp/processor.go:43.154,47.2 1 0
github.com/janreges/ai-distiller/internal/language/csharp/tree_sitter_processor.go:19.52,26.2 3 0
github.com/janreges/ai-distiller/internal/language/csharp/tree_sitter_processor.go:29.125,32.16 2 0
github.com/janreges/ai-distiller/internal/language/csharp/tree_sitter_processor.go:32.16,34.3 1 0
github.com/janreges/ai-distiller/internal/language/csharp/tree_sitter_processor.go:35.2,55.18 4 0
github.com/janreges/ai-distiller/internal/language/csharp/tree_sitter_processor.go:59.126,63.18 2 0
github.com/janreges/ai-distiller/internal/language/csharp/tree_sitter_processor.go:64.26,66.47 1 0
github.com/janreges/ai-distiller/internal/language/csharp/tree_sitter_processor.go:66.47,69.4 2 0
github.com/janreges/ai-distiller/internal/language/csharp/tree_sitter_processor.go:70.68,71.60 1 0
github.com/janreges/ai-distiller/internal/language/csharp/tree_sitter_processor.go:72.51,73.46 1 0
github.com/janreges/ai-distiller/internal/language/csharp/tree_sitter_processor.go:74.27,75.56 1 0
github.com/janreges/ai-distiller/internal/language/csharp/tree_sitter_processor.go:76.31,77.60 1 0
github.com/janreges/ai-distiller/internal/language/csharp/tree_sitter_processor.go:78.26,79.55 1 0
github.com/janreges/ai-distiller/internal/language/csharp/tree_sitter_processor.go:80.28,81.57 1 0
github.com/janreges/ai-distiller/internal/language/csharp/tree_sitter_processor.go:82.57,83.57 1 0
github.com/janreges/ai-distiller/internal/language/csharp/tree_sitter_processor.go:84.30,85.59 1 0
github.com/janreges/ai-distiller/internal/language/csharp/tree_sitter_processor.go:86.28,87.57 1 0
github.com/janreges/ai-distiller/internal/language/csharp/tree_sitter_processor.go:88.33,89.62 1 0
github.com/janreges/ai-distiller/internal/language/csharp/tree_sitter_processor.go:90.30,91.59 1 0
github.com/janreges/ai-distiller/internal/language/csharp/tree_sitter_processor.go:92.27,93.56 1 0
github.com/janreges/ai-distiller/internal/language/csharp/tree_sitter_processor.go:94.54,95.56 1 0
github.com/janreges/ai-distiller/internal/language/csharp/tree_sitter_processor.go:96.10,98.47 1 0
github.com/janreges/ai-distiller/internal/language/csharp/tree_sitter_processor.go:98.47,101.4 2 0
github.com/janreges/ai-distiller/internal/language/csharp/tree_sitter_processor.go:106.142,115.46 2 0
github.com/janreges/ai-distiller/internal/language/csharp/tree_sitter_processor.go:115.46,117.23 2 0
github.com/janreges/ai-distiller/internal/language/csharp/tree_sitter_processor.go:118.39,119.63 1 0
github.com/janreges/ai-distiller/internal/language/csharp/tree_sitter_processor.go:120.27,122.51 1 0
github.com/janreges/ai-distiller/internal/language/csharp/tree_sitter_processor.go:127.2,127.56 1 0
github.com/janreges/ai-distiller/internal/language/csharp/tree_sitter_processor.go:127.56,131.47 2 0
github.com/janreges/ai-distiller/internal/language/csharp/tree_sitter_processor.go:131.47,133.126 2 0
github.com/janreges/ai-distiller/internal/language/csharp/tree_sitter_processor.go:133.126,135.5 1 0
github.com/janreges/ai-distiller/internal/language/csharp/tree_sitter_processor.go:137.8,139.3 1 0
github.com/janreges/ai-distiller/internal/language/csharp/tree_sitter_processor.go:143.111,153.45 2 0
github.com/janreges/ai-distiller/internal/language/csharp/tree_sitter_processor.go:153.45,155.3 1 0
github.com/janreges/ai-distiller/internal/language/csharp/tree_sitter_processor.go:158.2,158.46 1 0
github.com/janreges/ai-distiller/internal/language/csharp/tree_sitter_processor.go:158.46,160.23 2 0
github.com/janreges/ai-distiller/internal/language/csharp/tree_sitter_processor.go:161.39,162.66 1 0
github.com/janreges/ai-distiller/internal/language/csharp/tree_sitter_processor.go:163.22,165.49 1 0
github.com/janreges/ai-distiller/internal/language/csharp/tree_sitter_processor.go:165.49,167.42 2 0
github.com/janreges/ai-distiller/internal/language/csharp/tree_sitter_processor.go:167.42,170.11 3 0
github.com/janreges/ai-distiller/internal/language/csharp/tree_sitter_processor.go:177.2,177.47 1 0
github.com/janreges/ai-distiller/internal/language/csharp/tree_sitter_processor.go:177.47,180.3 2 0
github.com/janreges/ai-distiller/internal/language/csharp/tree_sitter_processor.go:182.2,182.44 1 0
github.com/janreges/ai-distiller/internal/language/csharp/tree_sitter_processor.go:186.138,195.46 2 0
github.com/janreges/ai-distiller/internal/language/csharp/tree_sitter_processor.go:195.46,197.23 2 0
github.com/janreges/ai-distiller/internal/language/csharp/tree_sitter_processor.go:198.19,199.49 1 0
github.com/janreges/ai-distiller/internal/language/csharp/tree_sitter_processor.go:200.25,201.57 1 0
github.com/janreges/ai-distiller/internal/language/csharp/tree_sitter_processor.go:202.21,203.66 1 0
github.com/janreges/ai-distiller/internal/language/csharp/tree_sitter_processor.go:204.30,205.49 1 0
github.com/janreges/ai-distiller/internal/language/csharp/tree_sitter_processor.go:206.20,207.43 1 0
github.com/janreges/ai-distiller/internal/language/csharp/tree_sitter_processor.go:208.27,209.50 1 0
github.com/janreges/ai-distiller/internal/language/csharp/tree_sitter_processor.go:214.2,214.28 1 0
github.com/janreges/ai-distiller/internal/language/csharp/tree_sitter_processor.go:214.28,216.3 1 0
github.com/janreges/ai-distiller/internal/language/csharp/tree_sitter_processor.go:218.2,218.36 1 0
github.com/janreges/ai-distiller/internal/language/csharp/tree_sitter_processor.go:222.142,231.46 2 0
github.com/janreges/ai-distiller/internal/language/csharp/tree_sitter_processor.go:231.46,233.23 2 0
github.com/janreges/ai-distiller/internal/language/csharp/tree_sitter_processor.go:234.19,235.53 1 0
github.com/janreges/ai-distiller/internal/language/csharp/tree_sitter_processor.go:236.25,236.25 0 0
github.com/janreges/ai-distiller/internal/language/csharp/tree_sitter_processor.go:238.21,239.66 1 0
github.com/janreges/ai-distiller/internal/language/csharp/tree_sitter_processor.go:240.30,241.58 1 0
github.com/janreges/ai-distiller/internal/language/csharp/tree_sitter_processor.go:242.20,243.52 1 0
github.com/janreges/ai-distiller/internal/language/csharp/tree_sitter_processor.go:244.27,245.54 1 0
github.com/janreges/ai-distiller/internal/language/csharp/tree_sitter_processor.go:250.2,250.28 1 0
github.com/janreges/ai-distiller/internal/language/csharp/tree_sitter_processor.go:250.28,252.3 1 0
github.com/janreges/ai-distiller/internal/language/csharp/tree_sitter_processor.go:254.2,254.36 1 0
github.com/janreges/ai-distiller/internal/language/csharp/tree_sitter_processor.go:258.139,267.46 2 0
github.com/janreges/ai-distiller/internal/language/csharp/tree_sitter_processor.go:267.46,269.23 2 0
github.com/janreges/ai-distiller/internal/language/csharp/tree_sitter_processor.go:270.19,271.50 1 0
github.com/janreges/ai-distiller/internal/language/csharp/tree_sitter_processor.go:272.25,272.25 0 0
github.com/janreges/ai-distiller/internal/language/csharp/tree_sitter_processor.go:274.21,275.66 1 0
github.com/janreges/ai-distiller/internal/language/csharp/tree_sitter_processor.go:276.30,277.55 1 0
github.com/janreges/ai-distiller/internal/language/csharp/tree_sitter_processor.go:278.20,280.51 1 0
github.com/janreges/ai-distiller/internal/language/csharp/tree_sitter_processor.go:281.27,282.51 1 0
github.com/janreges/ai-distiller/internal/language/csharp/tree_sitter_processor.go:287.2,287.28 1 0
github.com/janreges/ai-distiller/internal/language/csharp/tree_sitter_processor.go:287.28,289.3 1 0
github.com/janreges/ai-distiller/internal/language/csharp/tree_sitter_processor.go:291.2,291.36 1 0
github.com/janreges/ai-distiller/internal/language/csharp/tree_sitter_processor.go:295.137,304.46 2 0
github.com/janreges/ai-distiller/internal/language/csharp/tree_sitter_processor.go:304.46,306.23 2 0
github.com/janreges/ai-distiller/internal/language/csharp/tree_sitter_processor.go:307.19,308.47 1 0
github.com/janreges/ai-distiller/internal/language/csharp/tree_sitter_processor.go:309.25,309.25 0 0
github.com/janreges/ai-distiller/internal/language/csharp/tree_sitter_processor.go:311.21,312.65 1 0
github.com/janreges/ai-distiller/internal/language/csharp/tree_sitter_processor.go:313.27,315.49 1 0
github.com/janreges/ai-distiller/internal/language/csharp/tree_sitter_processor.go:315.49,317.82 2 0
github.com/janreges/ai-distiller/internal/language/csharp/tree_sitter_processor.go:317.82,319.11 2 0
github.com/janreges/ai-distiller/internal/language/csharp/tree_sitter_processor.go:322.39,323.48 1 0
github.com/janreges/ai-distiller/internal/language/csharp/tree_sitter_processor.go:328.2,328.27 1 0
github.com/janreges/ai-distiller/internal/language/csharp/tree_sitter_processor.go:328.27,330.3 1 0
github.com/janreges/ai-distiller/internal/language/csharp/tree_sitter_processor.go:332.2,332.35 1 0
github.com/janreges/ai-distiller/internal/language/csharp/tree_sitter_processor.go:336.139,341.14 3 0
github.com/janreges/ai-distiller/internal/language/csharp/tree_sitter_processor.go:341.14,348.3 1 0
github.com/janreges/ai-distiller/internal/language/csharp/tree_sitter_processor.go:348.8,356.3 1 0
github.com/janreges/ai-distiller/internal/language/csharp/tree_sitter_processor.go:359.2,359.46 1 0
github.com/janreges/ai-distiller/internal/language/csharp/tree_sitter_processor.go:359.46,361.23 2 0
github.com/janreges/ai-distiller/internal/language/csharp/tree_sitter_processor.go:362.19,363.16 1 0
github.com/janreges/ai-distiller/internal/language/csharp/tree_sitter_processor.go:363.16,365.5 1 0
github.com/janreges/ai-distiller/internal/language/csharp/tree_sitter_processor.go:365.10,367.5 1 0
github.com/janreges/ai-distiller/internal/language/csharp/tree_sitter_processor.go:368.25,371.16 2 0
github.com/janreges/ai-distiller/internal/language/csharp/tree_sitter_processor.go:371.17,373.5 0 0
github.com/janreges/ai-distiller/internal/language/csharp/tree_sitter_processor.go:373.10,375.5 1 0
github.com/janreges/ai-distiller/internal/language/csharp/tree_sitter_processor.go:376.4,376.25 1 0
github.com/janreges/ai-distiller/internal/language/csharp/tree_sitter_processor.go:376.25,378.5 1 0
github.com/janreges/ai-distiller/internal/language/csharp/tree_sitter_processor.go:379.21,380.16 1 0
github.com/janreges/ai-distiller/internal/language/csharp/tree_sitter_processor.go:380.16,382.5 1 0
github.com/janreges/ai-distiller/internal/language/csharp/tree_sitter_processor.go:382.10,384.5 1 0
github.com/janreges/ai-distiller/internal/language/csharp/tree_sitter_processor.go:385.25,387.52 1 0
github.com/janreges/ai-distiller/internal/language/csharp/tree_sitter_processor.go:388.20,389.16 1 0
github.com/janreges/ai-distiller/internal/language/csharp/tree_sitter_processor.go:389.16,391.5 1 0
github.com/janreges/ai-distiller/internal/language/csharp/tree_sitter_processor.go:391.10,393.5 1 0
github.com/janreges/ai-distiller/internal/language/csharp/tree_sitter_processor.go:394.27,395.16 1 0
github.com/janreges/ai-distiller/internal/language/csharp/tree_sitter_processor.go:395.16,397.5 1 0
github.com/janreges/ai-distiller/internal/language/csharp/tree_sitter_processor.go:397.10,399.5 1 0
github.com/janreges/ai-distiller/internal/language/csharp/tree_sitter_processor.go:404.2,404.14 1 0
github.com/janreges/ai-distiller/internal/language/csharp/tree_sitter_processor.go:404.14,405.52 1 0
github.com/janreges/ai-distiller/internal/language/csharp/tree_sitter_processor.go:405.52,407.4 1 0
github.com/janreges/ai-distiller/internal/language/csharp/tree_sitter_processor.go:408.8,409.51 1 0
github.com/janreges/ai-distiller/internal/language/csharp/tree_sitter_processor.go:409.51,411.4 1 0
github.com/janreges/ai-distiller/internal/language/csharp/tree_sitter_processor.go:414.2,414.37 1 0
github.com/janreges/ai-distiller/internal/language/csharp/tree_sitter_processor.go:418.141,431.46 4 0
github.com/janreges/ai-distiller/internal/language/csharp/tree_sitter_processor.go:431.46,433.23 2 0
github.com/janreges/ai-distiller/internal/language/csharp/tree_sitter_processor.go:434.19,436.16 2 0
github.com/janreges/ai-distiller/internal/language/csharp/tree_sitter_processor.go:437.18,438.46 1 0
github.com/janreges/ai-distiller/internal/language/csharp/tree_sitter_processor.go:439.19,440.47 1 0
github.com/janreges/ai-distiller/internal/language/csharp/tree_sitter_processor.go:441.21,442.49 1 0
github.com/janreges/ai-distiller/internal/language/csharp/tree_sitter_processor.go:443.20,444.48 1 0
github.com/janreges/ai-distiller/internal/language/csharp/tree_sitter_processor.go:446.23,447.23 1 0
github.com/janreges/ai-distiller/internal/language/csharp/tree_sitter_processor.go:448.74,449.47 1 0
github.com/janreges/ai-distiller/internal/language/csharp/tree_sitter_processor.go:449.47,451.5 1 0
github.com/janreges/ai-distiller/internal/language/csharp/tree_sitter_processor.go:451.10,451.34 1 0
github.com/janreges/ai-distiller/internal/language/csharp/tree_sitter_processor.go:451.34,453.5 1 0
github.com/janreges/ai-distiller/internal/language/csharp/tree_sitter_processor.go:454.25,456.59 1 0
github.com/janreges/ai-distiller/internal/language/csharp/tree_sitter_processor.go:461.2,467.31 3 0
github.com/janreges/ai-distiller/internal/language/csharp/tree_sitter_processor.go:467.31,469.3 1 0
github.com/janreges/ai-distiller/internal/language/csharp/tree_sitter_processor.go:471.2,471.39 1 0
github.com/janreges/ai-distiller/internal/language/csharp/tree_sitter_processor.go:475.139,485.46 2 0
github.com/janreges/ai-distiller/internal/language/csharp/tree_sitter_processor.go:485.46,487.23 2 0
github.com/janreges/ai-distiller/internal/language/csharp/tree_sitter_processor.go:488.19,489.51 1 0
github.com/janreges/ai-distiller/internal/language/csharp/tree_sitter_processor.go:490.25,491.58 1 0
github.com/janreges/ai-distiller/internal/language/csharp/tree_sitter_processor.go:492.23,493.46 1 0
github.com/janreges/ai-distiller/internal/language/csharp/tree_sitter_processor.go:494.74,495.29 1 0
github.com/janreges/ai-distiller/internal/language/csharp/tree_sitter_processor.go:495.29,497.5 1 0
github.com/janreges/ai-distiller/internal/language/csharp/tree_sitter_processor.go:498.21,499.25 1 0
github.com/janreges/ai-distiller/internal/language/csharp/tree_sitter_processor.go:499.25,501.5 1 0
github.com/janreges/ai-distiller/internal/language/csharp/tree_sitter_processor.go:501.10,501.36 1 0
github.com/janreges/ai-distiller/internal/language/csharp/tree_sitter_processor.go:501.36,504.5 1 0
github.com/janreges/ai-distiller/internal/language/csharp/tree_sitter_processor.go:505.30,505.30 0 0
github.com/janreges/ai-distiller/internal/language/csharp/tree_sitter_processor.go:507.25,508.46 1 0
github.com/janreges/ai-distiller/internal/language/csharp/tree_sitter_processor.go:509.43,510.77 1 0
github.com/janreges/ai-distiller/internal/language/csharp/tree_sitter_processor.go:515.2,515.59 1 0
github.com/janreges/ai-distiller/internal/language/csharp/tree_sitter_processor.go:515.59,516.40 1 0
github.com/janreges/ai-distiller/internal/language/csharp/tree_sitter_processor.go:516.40,517.32 1 0
github.com/janreges/ai-distiller/internal/language/csharp/tree_sitter_processor.go:517.32,520.10 1 0
github.com/janreges/ai-distiller/internal/language/csharp/tree_sitter_processor.go:526.2,526.29 1 0
github.com/janreges/ai-distiller/internal/language/csharp/tree_sitter_processor.go:526.29,527.20 1 0
github.com/janreges/ai-distiller/internal/language/csharp/tree_sitter_processor.go:527.20,528.25 1 0
github.com/janreges/ai-distiller/internal/language/csharp/tree_sitter_processor.go:529.32,530.44 1 0
github.com/janreges/ai-distiller/internal/language/csharp/tree_sitter_processor.go:531.12,532.45 1 0
github.com/janreges/ai-distiller/internal/language/csharp/tree_sitter_processor.go:534.9,536.4 1 0
github.com/janreges/ai-distiller/internal/language/csharp/tree_sitter_processor.go:539.2,539.37 1 0
github.com/janreges/ai-distiller/internal/language/csharp/tree_sitter_processor.go:543.144,553.46 2 0
github.com/janreges/ai-distiller/internal/language/csharp/tree_sitter_processor.go:553.46,555.23 2 0
github.com/janreges/ai-distiller/internal/language/csharp/tree_sitter_processor.go:556.19,557.56 1 0
github.com/janreges/ai-distiller/internal/language/csharp/tree_sitter_processor.go:558.25,559.63 1 0
github.com/janreges/ai-distiller/internal/language/csharp/tree_sitter_processor.go:560.21,561.72 1 0
github.com/janreges/ai-distiller/internal/language/csharp/tree_sitter_processor.go:562.25,563.51 1 0
github.com/janreges/ai-distiller/internal/language/csharp/tree_sitter_processor.go:564.34,564.34 0 0
github.com/janreges/ai-distiller/internal/language/csharp/tree_sitter_processor.go:566.43,567.82 1 0
github.com/janreges/ai-distiller/internal/language/csharp/tree_sitter_processor.go:572.2,572.34 1 0
github.com/janreges/ai-distiller/internal/language/csharp/tree_sitter_processor.go:572.34,574.3 1 0
github.com/janreges/ai-distiller/internal/language/csharp/tree_sitter_processor.go:576.2,576.42 1 0
github.com/janreges/ai-distiller/internal/language/csharp/tree_sitter_processor.go:580.141,595.46 5 0
github.com/janreges/ai-distiller/internal/language/csharp/tree_sitter_processor.go:595.46,597.23 2 0
github.com/janreges/ai-distiller/internal/language/csharp/tree_sitter_processor.go:598.19,599.52 1 0
github.com/janreges/ai-distiller/internal/language/csharp/tree_sitter_processor.go:600.25,601.60 1 0
github.com/janreges/ai-distiller/internal/language/csharp/tree_sitter_processor.go:602.74,603.28 1 0
github.com/janreges/ai-distiller/internal/language/csharp/tree_sitter_processor.go:603.28,605.5 1 0
github.com/janreges/ai-distiller/internal/language/csharp/tree_sitter_processor.go:606.21,607.27 1 0
github.com/janreges/ai-distiller/internal/language/csharp/tree_sitter_processor.go:607.27,609.5 1 0
github.com/janreges/ai-distiller/internal/language/csharp/tree_sitter_processor.go:609.10,609.35 1 0
github.com/janreges/ai-distiller/internal/language/csharp/tree_sitter_processor.go:609.35,612.5 1 0
github.com/janreges/ai-distiller/internal/language/csharp/tree_sitter_processor.go:613.24,615.49 1 0
github.com/janreges/ai-distiller/internal/language/csharp/tree_sitter_processor.go:615.49,617.50 2 0
github.com/janreges/ai-distiller/internal/language/csharp/tree_sitter_processor.go:617.50,618.54 1 0
github.com/janreges/ai-distiller/internal/language/csharp/tree_sitter_processor.go:618.54,621.19 3 0
github.com/janreges/ai-distiller/internal/language/csharp/tree_sitter_processor.go:622.18,623.24 1 0
github.com/janreges/ai-distiller/internal/language/csharp/tree_sitter_processor.go:624.18,625.24 1 0
github.com/janreges/ai-distiller/internal/language/csharp/tree_sitter_processor.go:626.19,627.22 1 0
github.com/janreges/ai-distiller/internal/language/csharp/tree_sitter_processor.go:632.34,635.77 2 0
github.com/janreges/ai-distiller/internal/language/csharp/tree_sitter_processor.go:636.30,638.49 1 0
github.com/janreges/ai-distiller/internal/language/csharp/tree_sitter_processor.go:638.49,640.33 2 0
github.com/janreges/ai-distiller/internal/language/csharp/tree_sitter_processor.go:640.33,642.11 2 0
github.com/janreges/ai-distiller/internal/language/csharp/tree_sitter_processor.go:649.2,649.15 1 0
github.com/janreges/ai-distiller/internal/language/csharp/tree_sitter_processor.go:649.15,651.3 1 0
github.com/janreges/ai-distiller/internal/language/csharp/tree_sitter_processor.go:652.2,652.27 1 0
github.com/janreges/ai-distiller/internal/language/csharp/tree_sitter_processor.go:652.27,654.17 1 0
github.com/janreges/ai-distiller/internal/language/csharp/tree_sitter_processor.go:654.17,656.4 1 0
github.com/janreges/ai-distiller/internal/language/csharp/tree_sitter_processor.go:660.2,660.31 1 0
github.com/janreges/ai-distiller/internal/language/csharp/tree_sitter_processor.go:660.31,662.3 1 0
github.com/janreges/ai-distiller/internal/language/csharp/tree_sitter_processor.go:664.2,664.39 1 0
github.com/janreges/ai-distiller/internal/language/csharp/tree_sitter_processor.go:668.138,676.46 5 0
github.com/janreges/ai-distiller/internal/language/csharp/tree_sitter_processor.go:676.46,678.23 2 0
github.com/janreges/ai-distiller/internal/language/csharp/tree_sitter_processor.go:679.19,681.17 2 0
github.com/janreges/ai-distiller/internal/language/csharp/tree_sitter_processor.go:681.17,683.5 1 0
github.com/janreges/ai-distiller/internal/language/csharp/tree_sitter_processor.go:684.4,684.17 1 0
github.com/janreges/ai-distiller/internal/language/csharp/tree_sitter_processor.go:684.17,686.5 1 0
github.com/janreges/ai-distiller/internal/language/csharp/tree_sitter_processor.go:687.25,688.51 1 0
github.com/janreges/ai-distiller/internal/language/csharp/tree_sitter_processor.go:689.88,690.24 1 0
github.com/janreges/ai-distiller/internal/language/csharp/tree_sitter_processor.go:690.24,692.5 1 0
github.com/janreges/ai-distiller/internal/language/csharp/tree_sitter_processor.go:693.31,695.49 1 0
github.com/janreges/ai-distiller/internal/language/csharp/tree_sitter_processor.go:695.49,697.49 2 0
github.com/janreges/ai-distiller/internal/language/csharp/tree_sitter_processor.go:697.49,709.54 2 0
github.com/janreges/ai-distiller/internal/language/csharp/tree_sitter_processor.go:709.54,711.31 2 0
github.com/janreges/ai-distiller/internal/language/csharp/tree_sitter_processor.go:712.25,713.78 1 0
github.com/janreges/ai-distiller/internal/language/csharp/tree_sitter_processor.go:714.34,716.57 1 0
github.com/janreges/ai-distiller/internal/language/csharp/tree_sitter_processor.go:716.57,718.37 2 0
github.com/janreges/ai-distiller/internal/language/csharp/tree_sitter_processor.go:718.37,720.15 2 0
github.com/janreges/ai-distiller/internal/language/csharp/tree_sitter_processor.go:727.6,727.32 1 0
github.com/janreges/ai-distiller/internal/language/csharp/tree_sitter_processor.go:727.32,729.7 1 0
github.com/janreges/ai-distiller/internal/language/csharp/tree_sitter_processor.go:731.6,731.40 1 0
github.com/janreges/ai-distiller/internal/language/csharp/tree_sitter_processor.go:739.138,750.46 2 0
github.com/janreges/ai-distiller/internal/language/csharp/tree_sitter_processor.go:750.46,752.23 2 0
github.com/janreges/ai-distiller/internal/language/csharp/tree_sitter_processor.go:753.19,754.49 1 0
github.com/janreges/ai-distiller/internal/language/csharp/tree_sitter_processor.go:755.25,756.57 1 0
github.com/janreges/ai-distiller/internal/language/csharp/tree_sitter_processor.go:757.74,758.45 1 0
github.com/janreges/ai-distiller/internal/language/csharp/tree_sitter_processor.go:758.45,760.5 1 0
github.com/janreges/ai-distiller/internal/language/csharp/tree_sitter_processor.go:761.31,763.49 1 0
github.com/janreges/ai-distiller/internal/language/csharp/tree_sitter_processor.go:763.49,765.49 2 0
github.com/janreges/ai-distiller/internal/language/csharp/tree_sitter_processor.go:765.49,766.54 1 0
github.com/janreges/ai-distiller/internal/language/csharp/tree_sitter_processor.go:766.54,768.43 2 0
github.com/janreges/ai-distiller/internal/language/csharp/tree_sitter_processor.go:768.43,770.13 2 0
github.com/janreges/ai-distiller/internal/language/csharp/tree_sitter_processor.go:775.24,775.24 0 0
github.com/janreges/ai-distiller/internal/language/csharp/tree_sitter_processor.go:782.2,782.28 1 0
github.com/janreges/ai-distiller/internal/language/csharp/tree_sitter_processor.go:782.28,784.3 1 0
github.com/janreges/ai-distiller/internal/language/csharp/tree_sitter_processor.go:786.2,786.36 1 0
github.com/janreges/ai-distiller/internal/language/csharp/tree_sitter_processor.go:792.113,795.14 2 0
github.com/janreges/ai-distiller/internal/language/csharp/tree_sitter_processor.go:796.16,797.41 1 0
github.com/janreges/ai-distiller/internal/language/csharp/tree_sitter_processor.go:798.17,799.42 1 0
github.com/janreges/ai-distiller/internal/language/csharp/tree_sitter_processor.go:800.19,801.44 1 0
github.com/janreges/ai-distiller/internal/language/csharp/tree_sitter_processor.go:802.18,803.43 1 0
github.com/janreges/ai-distiller/internal/language/csharp/tree_sitter_processor.go:804.18,805.65 1 0
github.com/janreges/ai-distiller/internal/language/csharp/tree_sitter_processor.go:806.16,807.63 1 0
github.com/janreges/ai-distiller/internal/language/csharp/tree_sitter_processor.go:808.16,809.63 1 0
github.com/janreges/ai-distiller/internal/language/csharp/tree_sitter_processor.go:810.17,811.64 1 0
github.com/janreges/ai-distiller/internal/language/csharp/tree_sitter_processor.go:816.121,819.14 2 0
github.com/janreges/ai-distiller/internal/language/csharp/tree_sitter_processor.go:820.16,821.41 1 0
github.com/janreges/ai-distiller/internal/language/csharp/tree_sitter_processor.go:822.17,823.42 1 0
github.com/janreges/ai-distiller/internal/language/csharp/tree_sitter_processor.go:824.19,825.44 1 0
github.com/janreges/ai-distiller/internal/language/csharp/tree_sitter_processor.go:826.18,827.43 1 0
github.com/janreges/ai-distiller/internal/language/csharp/tree_sitter_processor.go:832.115,835.14 2 0
github.com/janreges/ai-distiller/internal/language/csharp/tree_sitter_processor.go:836.16,837.41 1 0
github.com/janreges/ai-distiller/internal/language/csharp/tree_sitter_processor.go:838.17,839.42 1 0
github.com/janreges/ai-distiller/internal/language/csharp/tree_sitter_processor.go:840.19,841.44 1 0
github.com/janreges/ai-distiller/internal/language/csharp/tree_sitter_processor.go:842.18,843.43 1 0
github.com/janreges/ai-distiller/internal/language/csharp/tree_sitter_processor.go:844.18,844.18 0 0
github.com/janreges/ai-distiller/internal/language/csharp/tree_sitter_processor.go:846.13,846.13 0 0
github.com/janreges/ai-distiller/internal/language/csharp/tree_sitter_processor.go:852.110,855.14 2 0
github.com/janreges/ai-distiller/internal/language/csharp/tree_sitter_processor.go:856.16,857.40 1 0
github.com/janreges/ai-distiller/internal/language/csharp/tree_sitter_processor.go:858.17,859.41 1 0
github.com/janreges/ai-distiller/internal/language/csharp/tree_sitter_processor.go:860.19,861.43 1 0
github.com/janreges/ai-distiller/internal/language/csharp/tree_sitter_processor.go:862.18,863.42 1 0
github.com/janreges/ai-distiller/internal/language/csharp/tree_sitter_processor.go:868.118,871.14 2 0
github.com/janreges/ai-distiller/internal/language/csharp/tree_sitter_processor.go:872.16,873.42 1 0
github.com/janreges/ai-distiller/internal/language/csharp/tree_sitter_processor.go:874.17,875.43 1 0
github.com/janreges/ai-distiller/internal/language/csharp/tree_sitter_processor.go:876.19,877.45 1 0
github.com/janreges/ai-distiller/internal/language/csharp/tree_sitter_processor.go:878.18,879.44 1 0
github.com/janreges/ai-distiller/internal/language/csharp/tree_sitter_processor.go:880.18,881.67 1 0
github.com/janreges/ai-distiller/internal/language/csharp/tree_sitter_processor.go:882.17,883.66 1 0
github.com/janreges/ai-distiller/internal/language/csharp/tree_sitter_processor.go:884.18,885.67 1 0
github.com/janreges/ai-distiller/internal/language/csharp/tree_sitter_processor.go:886.16,887.65 1 0
github.com/janreges/ai-distiller/internal/language/csharp/tree_sitter_processor.go:888.16,889.65 1 0
github.com/janreges/ai-distiller/internal/language/csharp/tree_sitter_processor.go:890.15,891.64 1 0
github.com/janreges/ai-distiller/internal/language/csharp/tree_sitter_processor.go:892.16,893.65 1 0
github.com/janreges/ai-distiller/internal/language/csharp/tree_sitter_processor.go:894.17,895.66 1 0
github.com/janreges/ai-distiller/internal/language/csharp/tree_sitter_processor.go:896.13,896.13 0 0
github.com/janreges/ai-distiller/internal/language/csharp/tree_sitter_processor.go:902.113,904.15 2 0
github.com/janreges/ai-distiller/internal/language/csharp/tree_sitter_processor.go:904.15,906.3 1 0
github.com/janreges/ai-distiller/internal/language/csharp/tree_sitter_processor.go:907.2,907.15 1 0
github.com/janreges/ai-distiller/internal/language/csharp/tree_sitter_processor.go:907.15,909.3 1 0
github.com/janreges/ai-distiller/internal/language/csharp/tree_sitter_processor.go:913.115,916.14 2 0
github.com/janreges/ai-distiller/internal/language/csharp/tree_sitter_processor.go:917.16,918.33 1 0
github.com/janreges/ai-distiller/internal/language/csharp/tree_sitter_processor.go:919.17,920.34 1 0
github.com/janreges/ai-distiller/internal/language/csharp/tree_sitter_processor.go:921.19,922.36 1 0
github.com/janreges/ai-distiller/internal/language/csharp/tree_sitter_processor.go:923.18,924.35 1 0
github.com/janreges/ai-distiller/internal/language/csharp/tree_sitter_processor.go:925.16,926.31 1 0
github.com/janreges/ai-distiller/internal/language/csharp/tree_sitter_processor.go:927.18,928.33 1 0
github.com/janreges/ai-distiller/internal/language/csharp/tree_sitter_processor.go:929.15,930.30 1 0
github.com/janreges/ai-distiller/internal/language/csharp/tree_sitter_processor.go:931.18,932.33 1 0
github.com/janreges/ai-distiller/internal/language/csharp/tree_sitter_processor.go:933.13,935.16 1 0
github.com/janreges/ai-distiller/internal/language/csharp/tree_sitter_processor.go:936.10,937.16 1 0
github.com/janreges/ai-distiller/internal/language/csharp/tree_sitter_processor.go:942.105,943.46 1 0
github.com/janreges/ai-distiller/internal/language/csharp/tree_sitter_processor.go:943.46,945.34 2 0
github.com/janreges/ai-distiller/internal/language/csharp/tree_sitter_processor.go:945.34,949.4 2 0
github.com/janreges/ai-distiller/internal/language/csharp/tree_sitter_processor.go:954.114,956.2 0 0
github.com/janreges/ai-distiller/internal/language/csharp/tree_sitter_processor.go:959.127,961.2 0 0
github.com/janreges/ai-distiller/internal/language/csharp/tree_sitter_processor.go:964.121,966.2 0 0
github.com/janreges/ai-distiller/internal/language/csharp/tree_sitter_processor.go:969.107,970.46 1 0
github.com/janreges/ai-distiller/internal/language/csharp/tree_sitter_processor.go:970.46,972.26 2 0
github.com/janreges/ai-distiller/internal/language/csharp/tree_sitter_processor.go:972.26,973.12 1 0
github.com/janreges/ai-distiller/internal/language/csharp/tree_sitter_processor.go:977.3,978.30 2 0
github.com/janreges/ai-distiller/internal/language/csharp/tree_sitter_processor.go:978.30,981.4 1 0
github.com/janreges/ai-distiller/internal/language/csharp/tree_sitter_processor.go:981.9,984.4 1 0
github.com/janreges/ai-distiller/internal/language/csharp/tree_sitter_processor.go:991.120,992.46 1 0
github.com/janreges/ai-distiller/internal/language/csharp/tree_sitter_processor.go:992.46,994.49 2 0
github.com/janreges/ai-distiller/internal/language/csharp/tree_sitter_processor.go:994.49,995.12 1 0
github.com/janreges/ai-distiller/internal/language/csharp/tree_sitter_processor.go:998.3,999.51 2 0
github.com/janreges/ai-distiller/internal/language/csharp/tree_sitter_processor.go:1004.117,1007.2 0 0
github.com/janreges/ai-distiller/internal/language/csharp/tree_sitter_processor.go:1010.114,1011.46 1 0
github.com/janreges/ai-distiller/internal/language/csharp/tree_sitter_processor.go:1011.46,1013.34 2 0
github.com/janreges/ai-distiller/internal/language/csharp/tree_sitter_processor.go:1013.34,1024.49 2 0
github.com/janreges/ai-distiller/internal/language/csharp/tree_sitter_processor.go:1024.49,1026.30 2 0
github.com/janreges/ai-distiller/internal/language/csharp/tree_sitter_processor.go:1027.76,1028.30 1 0
github.com/janreges/ai-distiller/internal/language/csharp/tree_sitter_processor.go:1028.30,1030.7 1 0
github.com/janreges/ai-distiller/internal/language/csharp/tree_sitter_processor.go:1031.23,1032.29 1 0
github.com/janreges/ai-distiller/internal/language/csharp/tree_sitter_processor.go:1032.29,1034.7 1 0
github.com/janreges/ai-distiller/internal/language/csharp/tree_sitter_processor.go:1034.12,1034.37 1 0
github.com/janreges/ai-distiller/internal/language/csharp/tree_sitter_processor.go:1034.37,1037.7 1 0
github.com/janreges/ai-distiller/internal/language/csharp/tree_sitter_processor.go:1042.4,1042.30 1 0
github.com/janreges/ai-distiller/internal/language/csharp/tree_sitter_processor.go:1043.28,1044.46 1 0
github.com/janreges/ai-distiller/internal/language/csharp/tree_sitter_processor.go:1045.29,1046.46 1 0
github.com/janreges/ai-distiller/internal/language/csharp/tree_sitter_processor.go:1053.89,1056.18 2 0
github.com/janreges/ai-distiller/internal/language/csharp/tree_sitter_processor.go:1057.57,1058.76 1 0
github.com/janreges/ai-distiller/internal/language/csharp/tree_sitter_processor.go:1059.22,1064.47 3 0
github.com/janreges/ai-distiller/internal/language/csharp/tree_sitter_processor.go:1064.47,1066.24 2 0
github.com/janreges/ai-distiller/internal/language/csharp/tree_sitter_processor.go:1067.22,1068.65 1 0
github.com/janreges/ai-distiller/internal/language/csharp/tree_sitter_processor.go:1069.30,1071.50 1 0
github.com/janreges/ai-distiller/internal/language/csharp/tree_sitter_processor.go:1071.50,1073.84 2 0
github.com/janreges/ai-distiller/internal/language/csharp/tree_sitter_processor.go:1073.84,1076.7 2 0
github.com/janreges/ai-distiller/internal/language/csharp/tree_sitter_processor.go:1081.3,1084.4 1 0
github.com/janreges/ai-distiller/internal/language/csharp/tree_sitter_processor.go:1085.20,1090.47 3 0
github.com/janreges/ai-distiller/internal/language/csharp/tree_sitter_processor.go:1090.47,1092.46 2 0
github.com/janreges/ai-distiller/internal/language/csharp/tree_sitter_processor.go:1092.46,1095.5 1 0
github.com/janreges/ai-distiller/internal/language/csharp/tree_sitter_processor.go:1095.10,1095.33 1 0
github.com/janreges/ai-distiller/internal/language/csharp/tree_sitter_processor.go:1095.33,1097.5 1 0
github.com/janreges/ai-distiller/internal/language/csharp/tree_sitter_processor.go:1100.3,1100.25 1 0
github.com/janreges/ai-distiller/internal/language/csharp/tree_sitter_processor.go:1100.25,1103.31 2 0
github.com/janreges/ai-distiller/internal/language/csharp/tree_sitter_processor.go:1103.31,1105.5 1 0
github.com/janreges/ai-distiller/internal/language/csharp/tree_sitter_processor.go:1106.4,1106.39 1 0
github.com/janreges/ai-distiller/internal/language/csharp/tree_sitter_processor.go:1108.23,1110.47 1 0
github.com/janreges/ai-distiller/internal/language/csharp/tree_sitter_processor.go:1110.47,1112.27 2 0
github.com/janreges/ai-distiller/internal/language/csharp/tree_sitter_processor.go:1112.27,1116.5 3 0
github.com/janreges/ai-distiller/internal/language/csharp/tree_sitter_processor.go:1121.2,1121.75 1 0
github.com/janreges/ai-distiller/internal/language/csharp/tree_sitter_processor.go:1125.113,1126.46 1 0
github.com/janreges/ai-distiller/internal/language/csharp/tree_sitter_processor.go:1126.46,1128.34 2 0
github.com/janreges/ai-distiller/internal/language/csharp/tree_sitter_processor.go:1128.34,1131.4 2 0
github.com/janreges/ai-distiller/internal/language/csharp/tree_sitter_processor.go:1136.96,1139.46 2 0
github.com/janreges/ai-distiller/internal/language/csharp/tree_sitter_processor.go:1139.46,1141.23 2 0
github.com/janreges/ai-distiller/internal/language/csharp/tree_sitter_processor.go:1142.25,1142.25 0 0
github.com/janreges/ai-distiller/internal/language/csharp/tree_sitter_processor.go:1144.19,1147.16 2 0
github.com/janreges/ai-distiller/internal/language/csharp/tree_sitter_processor.go:1148.28,1148.28 0 0
github.com/janreges/ai-distiller/internal/language/csharp/tree_sitter_processor.go:1150.16,1150.16 0 0
github.com/janreges/ai-distiller/internal/language/csharp/tree_sitter_processor.go:1152.18,1153.28 1 0
github.com/janreges/ai-distiller/internal/language/csharp/tree_sitter_processor.go:1155.74,1156.29 1 0
github.com/janreges/ai-distiller/internal/language/csharp/tree_sitter_processor.go:1156.29,1158.5 1 0
github.com/janreges/ai-distiller/internal/language/csharp/tree_sitter_processor.go:1159.21,1160.24 1 0
github.com/janreges/ai-distiller/internal/language/csharp/tree_sitter_processor.go:1160.24,1162.5 1 0
github.com/janreges/ai-distiller/internal/language/csharp/tree_sitter_processor.go:1162.10,1162.36 1 0
github.com/janreges/ai-distiller/internal/language/csharp/tree_sitter_processor.go:1162.36,1165.5 1 0
github.com/janreges/ai-distiller/internal/language/csharp/tree_sitter_processor.go:1166.30,1168.49 1 0
github.com/janreges/ai-distiller/internal/language/csharp/tree_sitter_processor.go:1168.49,1170.33 2 0
github.com/janreges/ai-distiller/internal/language/csharp/tree_sitter_processor.go:1170.33,1173.11 3 0
github.com/janreges/ai-distiller/internal/language/csharp/tree_sitter_processor.go:1179.2,1179.14 1 0
github.com/janreges/ai-distiller/internal/language/csharp/tree_sitter_processor.go:1183.113,1184.46 1 0
github.com/janreges/ai-distiller/internal/language/csharp/tree_sitter_processor.go:1184.46,1186.34 2 0
github.com/janreges/ai-distiller/internal/language/csharp/tree_sitter_processor.go:1186.34,1188.49 1 0
github.com/janreges/ai-distiller/internal/language/csharp/tree_sitter_processor.go:1188.49,1190.30 2 0
github.com/janreges/ai-distiller/internal/language/csharp/tree_sitter_processor.go:1191.90,1194.11 3 0
github.com/janreges/ai-distiller/internal/language/csharp/tree_sitter_processor.go:1202.135,1203.46 1 0
github.com/janreges/ai-distiller/internal/language/csharp/tree_sitter_processor.go:1203.46,1206.3 2 0
github.com/janreges/ai-distiller/internal/language/csharp/tree_sitter_processor.go:1210.131,1211.46 1 0
github.com/janreges/ai-distiller/internal/language/csharp/tree_sitter_processor.go:1211.46,1214.3 2 0
github.com/janreges/ai-distiller/internal/language/csharp/tree_sitter_processor.go:1218.135,1219.46 1 0
github.com/janreges/ai-distiller/internal/language/csharp/tree_sitter_processor.go:1219.46,1222.3 2 0
github.com/janreges/ai-distiller/internal/language/csharp/tree_sitter_processor.go:1226.132,1227.46 1 0
github.com/janreges/ai-distiller/internal/language/csharp/tree_sitter_processor.go:1227.46,1230.3 2 0
github.com/janreges/ai-distiller/internal/language/csharp/tree_sitter_processor.go:1234.130,1235.46 1 0
github.com/janreges/ai-distiller/internal/language/csharp/tree_sitter_processor.go:1235.46,1237.48 2 0
github.com/janreges/ai-distiller/internal/language/csharp/tree_sitter_processor.go:1237.48,1239.4 1 0
github.com/janreges/ai-distiller/internal/language/csharp/tree_sitter_processor.go:1244.132,1253.46 2 0
github.com/janreges/ai-distiller/internal/language/csharp/tree_sitter_processor.go:1253.46,1255.23 2 0
github.com/janreges/ai-distiller/internal/language/csharp/tree_sitter_processor.go:1256.25,1257.57 1 0
github.com/janreges/ai-distiller/internal/language/csharp/tree_sitter_processor.go:1258.21,1259.66 1 0
github.com/janreges/ai-distiller/internal/language/csharp/tree_sitter_processor.go:1260.30,1262.49 1 0
github.com/janreges/ai-distiller/internal/language/csharp/tree_sitter_processor.go:1262.49,1264.33 2 0
github.com/janreges/ai-distiller/internal/language/csharp/tree_sitter_processor.go:1264.33,1266.11 2 0
github.com/janreges/ai-distiller/internal/language/csharp/tree_sitter_processor.go:1273.2,1273.48 1 0
github.com/janreges/ai-distiller/internal/language/csharp/tree_sitter_processor.go:1273.48,1275.3 1 0
github.com/janreges/ai-distiller/internal/language/csharp/tree_sitter_processor.go:1277.2,1277.36 1 0
github.com/janreges/ai-distiller/internal/language/csharp/tree_sitter_processor.go:1281.75,1288.2 1 0
github.com/janreges/ai-distiller/internal/language/csharp/tree_sitter_processor.go:1291.116,1292.19 1 0
github.com/janreges/ai-distiller/internal/language/csharp/tree_sitter_processor.go:1292.19,1293.29 1 0
github.com/janreges/ai-distiller/internal/language/csharp/tree_sitter_processor.go:1294.27,1295.42 1 0
github.com/janreges/ai-distiller/internal/language/csharp/tree_sitter_processor.go:1296.31,1297.42 1 0
github.com/janreges/ai-distiller/internal/language/csharp/tree_sitter_processor.go:1298.28,1299.42 1 0
github.com/janreges/ai-distiller/internal/language/csharp/tree_sitter_processor.go:1300.26,1301.42 1 0
github.com/janreges/ai-distiller/internal/language/csharp/tree_sitter_processor.go:1302.29,1303.42 1 0
github.com/janreges/ai-distiller/internal/language/csharp/tree_sitter_processor.go:1304.11,1305.48 1 0
github.com/janreges/ai-distiller/internal/language/csharp/tree_sitter_processor.go:1307.8,1309.3 1 0
github.com/janreges/ai-distiller/internal/language/golang/ast_parser.go:21.32,25.2 1 0
github.com/janreges/ai-distiller/internal/language/golang/ast_parser.go:28.115,34.16 4 0
github.com/janreges/ai-distiller/internal/language/golang/ast_parser.go:34.16,36.3 1 0
github.com/janreges/ai-distiller/internal/language/golang/ast_parser.go:39.2,51.22 2 0
github.com/janreges/ai-distiller/internal/language/golang/ast_parser.go:51.22,59.3 2 0
github.com/janreges/ai-distiller/internal/language/golang/ast_parser.go:62.2,62.36 1 0
github.com/janreges/ai-distiller/internal/language/golang/ast_parser.go:62.36,64.17 2 0
github.com/janreges/ai-distiller/internal/language/golang/ast_parser.go:64.17,66.4 1 0
github.com/janreges/ai-distiller/internal/language/golang/ast_parser.go:70.2,70.34 1 0
github.com/janreges/ai-distiller/internal/language/golang/ast_parser.go:70.34,73.3 2 0
github.com/janreges/ai-distiller/internal/language/golang/ast_parser.go:75.2,75.27 1 0
github.com/janreges/ai-distiller/internal/language/golang/ast_parser.go:79.77,93.22 4 0
github.com/janreges/ai-distiller/internal/language/golang/ast_parser.go:93.22,95.19 2 0
github.com/janreges/ai-distiller/internal/language/golang/ast_parser.go:95.19,101.4 1 0
github.com/janreges/ai-distiller/internal/language/golang/ast_parser.go:101.9,101.26 1 0
github.com/janreges/ai-distiller/internal/language/golang/ast_parser.go:101.26,107.4 1 0
github.com/janreges/ai-distiller/internal/language/golang/ast_parser.go:107.9,113.4 1 0
github.com/janreges/ai-distiller/internal/language/golang/ast_parser.go:114.8,119.77 3 0
[...]
github.com/janreges/ai-distiller/internal/language/python/native_tree_sitter_processor.go:674.19,675.29 1 0
github.com/janreges/ai-distiller/internal/language/python/native_tree_sitter_processor.go:676.27,677.41 1 0
github.com/janreges/ai-distiller/internal/language/python/native_tree_sitter_processor.go:678.30,678.30 0 0
github.com/janreges/ai-distiller/internal/language/python/native_tree_sitter_processor.go:681.8,683.3 1 0
github.com/janreges/ai-distiller/internal/language/python/native_tree_sitter_processor.go:686.84,688.31 1 0
github.com/janreges/ai-distiller/internal/language/python/native_tree_sitter_processor.go:688.31,690.69 2 0
github.com/janreges/ai-distiller/internal/language/python/native_tree_sitter_processor.go:690.69,691.34 1 0
github.com/janreges/ai-distiller/internal/language/python/native_tree_sitter_processor.go:691.34,693.47 2 0
github.com/janreges/ai-distiller/internal/language/python/native_tree_sitter_processor.go:693.47,697.84 3 0
github.com/janreges/ai-distiller/internal/language/python/native_tree_sitter_processor.go:697.84,699.7 1 0
github.com/janreges/ai-distiller/internal/language/python/native_tree_sitter_processor.go:700.6,700.41 1 0
github.com/janreges/ai-distiller/internal/language/python/native_tree_sitter_processor.go:705.2,705.11 1 0
github.com/janreges/ai-distiller/internal/language/python/processor.go:24.32,33.2 1 34
github.com/janreges/ai-distiller/internal/language/python/processor.go:36.40,38.2 1 0
github.com/janreges/ai-distiller/internal/language/python/processor.go:41.81,43.26 1 1
github.com/janreges/ai-distiller/internal/language/python/processor.go:43.26,45.17 2 1
github.com/janreges/ai-distiller/internal/language/python/processor.go:45.17,47.4 1 0
github.com/janreges/ai-distiller/internal/language/python/processor.go:48.3,48.26 1 1
github.com/janreges/ai-distiller/internal/language/python/processor.go:52.2,52.82 1 1
github.com/janreges/ai-distiller/internal/language/python/processor.go:52.82,54.3 1 1
github.com/janreges/ai-distiller/internal/language/python/processor.go:57.2,58.16 2 0
github.com/janreges/ai-distiller/internal/language/python/processor.go:58.16,60.3 1 0
github.com/janreges/ai-distiller/internal/language/python/processor.go:62.2,63.12 2 0
github.com/janreges/ai-distiller/internal/language/python/processor.go:67.112,71.2 2 56
github.com/janreges/ai-distiller/internal/language/python/processor.go:74.108,77.16 2 14
github.com/janreges/ai-distiller/internal/language/python/processor.go:77.16,79.3 1 0
github.com/janreges/ai-distiller/internal/language/python/processor.go:81.2,84.21 2 14
github.com/janreges/ai-distiller/internal/language/python/processor.go:84.21,86.17 2 0
github.com/janreges/ai-distiller/internal/language/python/processor.go:86.17,89.18 3 0
github.com/janreges/ai-distiller/internal/language/python/processor.go:89.18,92.5 1 0
github.com/janreges/ai-distiller/internal/language/python/processor.go:98.2,98.55 1 14
github.com/janreges/ai-distiller/internal/language/python/processor.go:102.154,105.16 2 59
github.com/janreges/ai-distiller/internal/language/python/processor.go:105.16,107.3 1 1
github.com/janreges/ai-distiller/internal/language/python/processor.go:110.2,110.21 1 58
github.com/janreges/ai-distiller/internal/language/python/processor.go:110.21,112.17 2 0
github.com/janreges/ai-distiller/internal/language/python/processor.go:112.17,115.18 3 0
github.com/janreges/ai-distiller/internal/language/python/processor.go:115.18,118.5 1 0
github.com/janreges/ai-distiller/internal/language/python/processor.go:124.2,124.21 1 58
github.com/janreges/ai-distiller/internal/language/python/processor.go:124.21,126.3 1 58
github.com/janreges/ai-distiller/internal/language/python/processor.go:129.2,130.16 2 0
github.com/janreges/ai-distiller/internal/language/python/processor.go:130.16,132.3 1 0
github.com/janreges/ai-distiller/internal/language/python/processor.go:133.2,137.16 3 0
github.com/janreges/ai-distiller/internal/language/python/processor.go:137.16,139.3 1 0
github.com/janreges/ai-distiller/internal/language/python/processor.go:140.2,145.16 4 0
github.com/janreges/ai-distiller/internal/language/python/processor.go:145.16,147.3 1 0
github.com/janreges/ai-distiller/internal/language/python/processor.go:150.2,153.18 3 0
github.com/janreges/ai-distiller/internal/language/python/processor.go:157.144,181.2 4 0
github.com/janreges/ai-distiller/internal/language/python/processor.go:184.102,188.26 2 0
github.com/janreges/ai-distiller/internal/language/python/processor.go:188.26,190.3 1 0
github.com/janreges/ai-distiller/internal/language/python/processor.go:193.2,193.25 1 0
github.com/janreges/ai-distiller/internal/language/python/processor.go:193.25,195.3 1 0
github.com/janreges/ai-distiller/internal/language/python/processor.go:198.2,207.55 5 0
github.com/janreges/ai-distiller/internal/language/python/processor.go:207.55,210.3 2 0
github.com/janreges/ai-distiller/internal/language/python/processor.go:212.2,212.14 1 0
github.com/janreges/ai-distiller/internal/language/python/processor.go:216.107,217.106 1 0
github.com/janreges/ai-distiller/internal/language/python/processor.go:217.106,219.83 1 0
github.com/janreges/ai-distiller/internal/language/python/processor.go:219.83,220.28 1 0
github.com/janreges/ai-distiller/internal/language/python/processor.go:221.30,222.30 1 0
github.com/janreges/ai-distiller/internal/language/python/processor.go:222.30,224.6 1 0
github.com/janreges/ai-distiller/internal/language/python/processor.go:225.29,226.29 1 0
github.com/janreges/ai-distiller/internal/language/python/processor.go:226.29,228.6 1 0
github.com/janreges/ai-distiller/internal/language/python/processor.go:229.31,230.50 1 0
github.com/janreges/ai-distiller/internal/language/python/processor.go:230.50,232.6 1 0
github.com/janreges/ai-distiller/internal/language/python/processor.go:233.5,233.36 1 0
github.com/janreges/ai-distiller/internal/language/python/processor.go:233.36,236.6 1 0
github.com/janreges/ai-distiller/internal/language/python/processor.go:237.28,238.50 1 0
github.com/janreges/ai-distiller/internal/language/python/processor.go:238.50,240.6 1 0
github.com/janreges/ai-distiller/internal/language/python/processor.go:242.4,242.15 1 0
github.com/janreges/ai-distiller/internal/language/python/processor.go:246.3,247.53 2 0
github.com/janreges/ai-distiller/internal/language/python/processor.go:247.53,249.4 1 0
github.com/janreges/ai-distiller/internal/language/python/processor.go:252.2,252.13 1 0
github.com/janreges/ai-distiller/internal/language/python/processor.go:257.36,258.22 1 77
github.com/janreges/ai-distiller/internal/language/python/processor.go:258.22,260.3 1 3
github.com/janreges/ai-distiller/internal/language/python/processor.go:261.2,262.27 2 74
github.com/janreges/ai-distiller/internal/language/python/processor.go:262.27,263.16 1 69567
github.com/janreges/ai-distiller/internal/language/python/processor.go:263.16,265.4 1 2605
github.com/janreges/ai-distiller/internal/language/python/processor.go:267.2,267.14 1 74
github.com/janreges/ai-distiller/internal/language/python/processor.go:270.34,273.2 1 6
github.com/janreges/ai-distiller/internal/language/python/processor.go:277.58,285.2 1 0
github.com/janreges/ai-distiller/internal/language/python/processor.go:287.74,289.29 2 0
github.com/janreges/ai-distiller/internal/language/python/processor.go:289.29,294.3 1 0
github.com/janreges/ai-distiller/internal/language/python/processor.go:296.2,303.3 1 0
github.com/janreges/ai-distiller/internal/language/python/processor.go:306.73,319.2 1 0
github.com/janreges/ai-distiller/internal/language/python/processor.go:321.115,323.31 2 0
github.com/janreges/ai-distiller/internal/language/python/processor.go:323.31,328.3 1 0
github.com/janreges/ai-distiller/internal/language/python/processor.go:330.2,343.3 1 0
github.com/janreges/ai-distiller/internal/language/python/processor.go:347.148,349.20 2 72
github.com/janreges/ai-distiller/internal/language/python/processor.go:349.20,351.3 1 2
github.com/janreges/ai-distiller/internal/language/python/processor.go:354.2,375.34 4 72
github.com/janreges/ai-distiller/internal/language/python/processor.go:375.34,377.70 1 1052
github.com/janreges/ai-distiller/internal/language/python/processor.go:377.70,378.37 1 2
github.com/janreges/ai-distiller/internal/language/python/processor.go:378.37,380.5 1 0
github.com/janreges/ai-distiller/internal/language/python/processor.go:380.10,382.5 1 2
github.com/janreges/ai-distiller/internal/language/python/processor.go:385.3,388.17 2 1052
github.com/janreges/ai-distiller/internal/language/python/processor.go:388.17,389.12 1 162
github.com/janreges/ai-distiller/internal/language/python/processor.go:393.3,393.77 1 890
github.com/janreges/ai-distiller/internal/language/python/processor.go:393.77,394.27 1 88
github.com/janreges/ai-distiller/internal/language/python/processor.go:394.27,396.19 2 87
github.com/janreges/ai-distiller/internal/language/python/processor.go:396.19,398.6 1 1
github.com/janreges/ai-distiller/internal/language/python/processor.go:399.5,399.19 1 87
github.com/janreges/ai-distiller/internal/language/python/processor.go:399.19,401.6 1 86
github.com/janreges/ai-distiller/internal/language/python/processor.go:406.3,406.40 1 890
github.com/janreges/ai-distiller/internal/language/python/processor.go:406.40,408.18 2 86
github.com/janreges/ai-distiller/internal/language/python/processor.go:408.18,412.5 2 2
github.com/janreges/ai-distiller/internal/language/python/processor.go:412.10,412.27 1 84
github.com/janreges/ai-distiller/internal/language/python/processor.go:412.27,415.5 2 84
github.com/janreges/ai-distiller/internal/language/python/processor.go:419.3,419.78 1 890
github.com/janreges/ai-distiller/internal/language/python/processor.go:419.78,421.18 2 141
github.com/janreges/ai-distiller/internal/language/python/processor.go:421.18,425.5 2 1
github.com/janreges/ai-distiller/internal/language/python/processor.go:425.10,425.24 1 140
github.com/janreges/ai-distiller/internal/language/python/processor.go:425.24,428.5 2 140
github.com/janreges/ai-distiller/internal/language/python/processor.go:432.3,432.84 1 890
github.com/janreges/ai-distiller/internal/language/python/processor.go:432.84,434.18 2 28
github.com/janreges/ai-distiller/internal/language/python/processor.go:434.18,438.5 2 0
github.com/janreges/ai-distiller/internal/language/python/processor.go:438.10,438.24 1 28
github.com/janreges/ai-distiller/internal/language/python/processor.go:438.24,439.53 1 28
github.com/janreges/ai-distiller/internal/language/python/processor.go:439.53,441.6 1 28
github.com/janreges/ai-distiller/internal/language/python/processor.go:442.5,443.20 2 28
github.com/janreges/ai-distiller/internal/language/python/processor.go:449.2,451.18 2 72
github.com/janreges/ai-distiller/internal/language/python/processor.go:455.132,458.2 2 87
github.com/janreges/ai-distiller/internal/language/python/processor.go:461.79,464.2 2 0
github.com/janreges/ai-distiller/internal/language/python/processor.go:467.96,474.38 2 87
github.com/janreges/ai-distiller/internal/language/python/processor.go:474.38,477.22 2 61
github.com/janreges/ai-distiller/internal/language/python/processor.go:477.22,483.32 4 60
github.com/janreges/ai-distiller/internal/language/python/processor.go:483.32,485.18 2 112
github.com/janreges/ai-distiller/internal/language/python/processor.go:485.18,486.14 1 0
github.com/janreges/ai-distiller/internal/language/python/processor.go:490.5,490.38 1 112
github.com/janreges/ai-distiller/internal/language/python/processor.go:490.38,496.6 2 3
github.com/janreges/ai-distiller/internal/language/python/processor.go:496.11,500.6 1 109
github.com/janreges/ai-distiller/internal/language/python/processor.go:503.8,503.47 1 26
github.com/janreges/ai-distiller/internal/language/python/processor.go:503.47,508.39 3 26
github.com/janreges/ai-distiller/internal/language/python/processor.go:508.39,515.4 3 3
github.com/janreges/ai-distiller/internal/language/python/processor.go:515.9,517.4 1 23
github.com/janreges/ai-distiller/internal/language/python/processor.go:521.2,521.47 1 87
github.com/janreges/ai-distiller/internal/language/python/processor.go:521.47,523.3 1 1
github.com/janreges/ai-distiller/internal/language/python/processor.go:525.2,525.17 1 86
github.com/janreges/ai-distiller/internal/language/python/processor.go:529.168,531.17 2 86
github.com/janreges/ai-distiller/internal/language/python/processor.go:531.17,533.3 1 0
github.com/janreges/ai-distiller/internal/language/python/processor.go:536.2,536.48 1 86
github.com/janreges/ai-distiller/internal/language/python/processor.go:536.48,537.56 1 86
github.com/janreges/ai-distiller/internal/language/python/processor.go:537.56,540.4 1 2
github.com/janreges/ai-distiller/internal/language/python/processor.go:543.2,543.27 1 84
github.com/janreges/ai-distiller/internal/language/python/processor.go:547.117,555.51 5 86
github.com/janreges/ai-distiller/internal/language/python/processor.go:555.51,558.64 2 25
github.com/janreges/ai-distiller/internal/language/python/processor.go:558.64,560.51 2 19
github.com/janreges/ai-distiller/internal/language/python/processor.go:560.51,562.39 2 24
github.com/janreges/ai-distiller/internal/language/python/processor.go:562.39,564.6 1 24
github.com/janreges/ai-distiller/internal/language/python/processor.go:567.8,567.58 1 61
github.com/janreges/ai-distiller/internal/language/python/processor.go:567.58,569.3 1 57
github.com/janreges/ai-distiller/internal/language/python/processor.go:569.8,571.3 1 4
github.com/janreges/ai-distiller/internal/language/python/processor.go:574.2,575.39 2 86
github.com/janreges/ai-distiller/internal/language/python/processor.go:575.39,577.3 1 0
github.com/janreges/ai-distiller/internal/language/python/processor.go:579.2,592.25 3 86
github.com/janreges/ai-distiller/internal/language/python/processor.go:592.25,594.3 1 0
github.com/janreges/ai-distiller/internal/language/python/processor.go:595.2,598.42 2 86
github.com/janreges/ai-distiller/internal/language/python/processor.go:598.42,603.55 3 317
github.com/janreges/ai-distiller/internal/language/python/processor.go:603.55,604.12 1 54
github.com/janreges/ai-distiller/internal/language/python/processor.go:608.3,608.87 1 263
github.com/janreges/ai-distiller/internal/language/python/processor.go:608.87,609.75 1 107
github.com/janreges/ai-distiller/internal/language/python/processor.go:609.75,612.5 2 107
github.com/janreges/ai-distiller/internal/language/python/processor.go:616.3,616.39 1 263
github.com/janreges/ai-distiller/internal/language/python/processor.go:616.39,619.78 2 34
github.com/janreges/ai-distiller/internal/language/python/processor.go:619.78,621.5 1 6
github.com/janreges/ai-distiller/internal/language/python/processor.go:622.4,622.62 1 34
github.com/janreges/ai-distiller/internal/language/python/processor.go:622.62,623.76 1 34
github.com/janreges/ai-distiller/internal/language/python/processor.go:623.76,625.29 1 34
github.com/janreges/ai-distiller/internal/language/python/processor.go:625.29,627.55 2 40
github.com/janreges/ai-distiller/internal/language/python/processor.go:627.55,629.8 1 40
github.com/janreges/ai-distiller/internal/language/python/processor.go:631.6,632.23 2 34
github.com/janreges/ai-distiller/internal/language/python/processor.go:638.2,638.23 1 86
github.com/janreges/ai-distiller/internal/language/python/processor.go:642.171,644.17 2 169
github.com/janreges/ai-distiller/internal/language/python/processor.go:644.17,646.3 1 0
github.com/janreges/ai-distiller/internal/language/python/processor.go:649.2,649.48 1 169
github.com/janreges/ai-distiller/internal/language/python/processor.go:649.48,650.53 1 169
github.com/janreges/ai-distiller/internal/language/python/processor.go:650.53,653.4 1 1
github.com/janreges/ai-distiller/internal/language/python/processor.go:656.3,657.69 2 168
github.com/janreges/ai-distiller/internal/language/python/processor.go:657.69,659.4 1 21
github.com/janreges/ai-distiller/internal/language/python/processor.go:662.2,662.27 1 168
github.com/janreges/ai-distiller/internal/language/python/processor.go:666.120,671.43 3 310
github.com/janreges/ai-distiller/internal/language/python/processor.go:671.43,674.3 2 48
github.com/janreges/ai-distiller/internal/language/python/processor.go:677.2,677.38 1 310
github.com/janreges/ai-distiller/internal/language/python/processor.go:677.38,679.3 1 0
github.com/janreges/ai-distiller/internal/language/python/processor.go:681.2,685.18 3 310
github.com/janreges/ai-distiller/internal/language/python/processor.go:685.18,687.3 1 0
github.com/janreges/ai-distiller/internal/language/python/processor.go:689.2,693.64 3 310
github.com/janreges/ai-distiller/internal/language/python/processor.go:693.64,695.3 1 61
github.com/janreges/ai-distiller/internal/language/python/processor.go:698.2,700.25 2 310
github.com/janreges/ai-distiller/internal/language/python/processor.go:700.25,702.3 1 0
github.com/janreges/ai-distiller/internal/language/python/processor.go:704.2,717.13 2 310
github.com/janreges/ai-distiller/internal/language/python/processor.go:717.13,719.3 1 48
github.com/janreges/ai-distiller/internal/language/python/processor.go:722.2,722.73 1 310
github.com/janreges/ai-distiller/internal/language/python/processor.go:722.73,724.19 2 287
github.com/janreges/ai-distiller/internal/language/python/processor.go:724.19,725.53 1 229
github.com/janreges/ai-distiller/internal/language/python/processor.go:725.53,727.20 2 370
github.com/janreges/ai-distiller/internal/language/python/processor.go:727.20,728.14 1 0
github.com/janreges/ai-distiller/internal/language/python/processor.go:732.5,736.60 3 370
github.com/janreges/ai-distiller/internal/language/python/processor.go:736.60,741.59 3 112
github.com/janreges/ai-distiller/internal/language/python/processor.go:741.59,743.7 1 3
github.com/janreges/ai-distiller/internal/language/python/processor.go:744.11,744.61 1 258
github.com/janreges/ai-distiller/internal/language/python/processor.go:744.61,746.6 1 3
github.com/janreges/ai-distiller/internal/language/python/processor.go:748.5,749.24 2 370
github.com/janreges/ai-distiller/internal/language/python/processor.go:749.24,751.6 1 112
github.com/janreges/ai-distiller/internal/language/python/processor.go:752.5,752.45 1 370
github.com/janreges/ai-distiller/internal/language/python/processor.go:757.3,758.64 2 287
github.com/janreges/ai-distiller/internal/language/python/processor.go:758.64,760.61 2 107
github.com/janreges/ai-distiller/internal/language/python/processor.go:760.61,762.5 1 107
github.com/janreges/ai-distiller/internal/language/python/processor.go:763.4,763.21 1 107
github.com/janreges/ai-distiller/internal/language/python/processor.go:763.21,765.5 1 107
github.com/janreges/ai-distiller/internal/language/python/processor.go:770.2,770.56 1 310
github.com/janreges/ai-distiller/internal/language/python/processor.go:770.56,772.43 2 299
github.com/janreges/ai-distiller/internal/language/python/processor.go:772.43,774.4 1 1242
github.com/janreges/ai-distiller/internal/language/python/processor.go:775.3,775.52 1 299
github.com/janreges/ai-distiller/internal/language/python/processor.go:778.2,778.20 1 310
github.com/janreges/ai-distiller/internal/language/python/processor.go:782.68,783.28 1 396
github.com/janreges/ai-distiller/internal/language/python/processor.go:783.28,785.3 1 0
github.com/janreges/ai-distiller/internal/language/python/processor.go:788.2,792.45 3 396
github.com/janreges/ai-distiller/internal/language/python/processor.go:792.45,796.36 2 2348
github.com/janreges/ai-distiller/internal/language/python/processor.go:796.36,797.12 1 482
github.com/janreges/ai-distiller/internal/language/python/processor.go:801.3,804.67 2 1866
github.com/janreges/ai-distiller/internal/language/python/processor.go:804.67,806.4 1 336
github.com/janreges/ai-distiller/internal/language/python/processor.go:809.2,809.19 1 60
