mode: atomic
github.com/janreges/ai-distiller/cmd/aid/main.go:12.13,17.38 2 0
github.com/janreges/ai-distiller/cmd/aid/main.go:17.38,19.3 1 0
github.com/janreges/ai-distiller/internal/processor/interface.go:61.45,72.2 1 0
github.com/janreges/ai-distiller/internal/processor/interface.go:99.40,100.16 1 0
github.com/janreges/ai-distiller/internal/processor/interface.go:100.16,102.3 1 0
github.com/janreges/ai-distiller/internal/processor/interface.go:103.2,103.49 1 0
github.com/janreges/ai-distiller/internal/processor/interface.go:111.36,112.24 1 0
github.com/janreges/ai-distiller/internal/processor/interface.go:112.24,114.3 1 0
github.com/janreges/ai-distiller/internal/processor/interface.go:115.2,115.24 1 0
github.com/janreges/ai-distiller/internal/processor/interface.go:115.24,117.3 1 0
github.com/janreges/ai-distiller/internal/processor/interface.go:118.2,118.57 1 0
github.com/janreges/ai-distiller/internal/processor/interface.go:129.84,135.2 1 0
github.com/janreges/ai-distiller/internal/processor/interface.go:138.42,140.2 1 0
github.com/janreges/ai-distiller/internal/processor/interface.go:143.41,145.2 1 0
github.com/janreges/ai-distiller/internal/processor/interface.go:148.55,150.2 1 0
github.com/janreges/ai-distiller/internal/processor/interface.go:153.57,155.41 2 0
github.com/janreges/ai-distiller/internal/processor/interface.go:155.41,156.23 1 0
github.com/janreges/ai-distiller/internal/processor/interface.go:156.23,158.4 1 0
github.com/janreges/ai-distiller/internal/processor/interface.go:160.2,160.14 1 0
github.com/janreges/ai-distiller/internal/processor/registry.go:18.29,23.2 1 0
github.com/janreges/ai-distiller/internal/processor/registry.go:26.64,31.16 4 0
github.com/janreges/ai-distiller/internal/processor/registry.go:31.16,33.3 1 0
github.com/janreges/ai-distiller/internal/processor/registry.go:36.2,36.45 1 0
github.com/janreges/ai-distiller/internal/processor/registry.go:36.45,38.3 1 0
github.com/janreges/ai-distiller/internal/processor/registry.go:41.2,44.54 2 0
github.com/janreges/ai-distiller/internal/processor/registry.go:44.54,45.16 1 0
github.com/janreges/ai-distiller/internal/processor/registry.go:45.16,46.12 1 0
github.com/janreges/ai-distiller/internal/processor/registry.go:49.3,49.35 1 0
github.com/janreges/ai-distiller/internal/processor/registry.go:49.35,51.4 1 0
github.com/janreges/ai-distiller/internal/processor/registry.go:52.3,52.27 1 0
github.com/janreges/ai-distiller/internal/processor/registry.go:55.2,55.12 1 0
github.com/janreges/ai-distiller/internal/processor/registry.go:59.67,65.2 4 0
github.com/janreges/ai-distiller/internal/processor/registry.go:68.77,75.2 5 0
github.com/janreges/ai-distiller/internal/processor/registry.go:78.36,83.33 4 0
github.com/janreges/ai-distiller/internal/processor/registry.go:83.33,85.3 1 0
github.com/janreges/ai-distiller/internal/processor/registry.go:86.2,86.18 1 0
github.com/janreges/ai-distiller/internal/processor/registry.go:93.50,95.2 1 0
github.com/janreges/ai-distiller/internal/processor/registry.go:98.53,100.2 1 0
github.com/janreges/ai-distiller/internal/processor/registry.go:103.63,105.2 1 0
github.com/janreges/ai-distiller/internal/processor/registry.go:108.22,110.2 1 0
github.com/janreges/ai-distiller/internal/processor/registry.go:113.48,114.44 1 0
github.com/janreges/ai-distiller/internal/processor/registry.go:114.44,115.62 1 0
github.com/janreges/ai-distiller/internal/cli/root.go:45.22,47.2 1 0
github.com/janreges/ai-distiller/internal/cli/root.go:49.13,51.2 1 1
github.com/janreges/ai-distiller/internal/cli/root.go:53.18,73.59 13 4
github.com/janreges/ai-distiller/internal/cli/root.go:73.59,74.48 1 3
github.com/janreges/ai-distiller/internal/cli/root.go:74.48,77.4 2 0
github.com/janreges/ai-distiller/internal/cli/root.go:81.60,84.19 2 3
github.com/janreges/ai-distiller/internal/cli/root.go:84.19,86.3 1 3
github.com/janreges/ai-distiller/internal/cli/root.go:89.2,90.16 2 3
github.com/janreges/ai-distiller/internal/cli/root.go:90.16,92.3 1 0
github.com/janreges/ai-distiller/internal/cli/root.go:95.2,95.44 1 3
github.com/janreges/ai-distiller/internal/cli/root.go:95.44,97.3 1 1
github.com/janreges/ai-distiller/internal/cli/root.go:100.2,100.22 1 2
github.com/janreges/ai-distiller/internal/cli/root.go:100.22,102.3 1 1
github.com/janreges/ai-distiller/internal/cli/root.go:105.2,106.43 2 2
github.com/janreges/ai-distiller/internal/cli/root.go:106.43,108.3 1 1
github.com/janreges/ai-distiller/internal/cli/root.go:111.2,111.19 1 1
github.com/janreges/ai-distiller/internal/cli/root.go:111.19,116.28 5 1
github.com/janreges/ai-distiller/internal/cli/root.go:116.28,118.4 1 1
github.com/janreges/ai-distiller/internal/cli/root.go:122.2,124.12 2 1
github.com/janreges/ai-distiller/internal/cli/root.go:127.72,130.38 2 13
github.com/janreges/ai-distiller/internal/cli/root.go:130.38,132.3 1 2
github.com/janreges/ai-distiller/internal/cli/root.go:135.2,136.27 2 13
github.com/janreges/ai-distiller/internal/cli/root.go:136.27,139.36 2 10
github.com/janreges/ai-distiller/internal/cli/root.go:139.36,140.15 1 17
github.com/janreges/ai-distiller/internal/cli/root.go:141.20,142.36 1 6
github.com/janreges/ai-distiller/internal/cli/root.go:143.19,144.36 1 5
github.com/janreges/ai-distiller/internal/cli/root.go:145.26,146.37 1 3
github.com/janreges/ai-distiller/internal/cli/root.go:147.22,148.37 1 2
github.com/janreges/ai-distiller/internal/cli/root.go:151.3,151.22 1 10
github.com/janreges/ai-distiller/internal/cli/root.go:151.22,153.4 1 9
github.com/janreges/ai-distiller/internal/cli/root.go:156.2,156.61 1 13
github.com/janreges/ai-distiller/internal/cli/root.go:159.49,160.26 1 6
github.com/janreges/ai-distiller/internal/cli/root.go:160.26,161.16 1 12
github.com/janreges/ai-distiller/internal/cli/root.go:161.16,163.4 1 3
github.com/janreges/ai-distiller/internal/cli/root.go:165.2,165.14 1 3
github.com/janreges/ai-distiller/internal/ir/types.go:110.43,112.2 1 1
github.com/janreges/ai-distiller/internal/ir/types.go:115.44,117.2 1 2
github.com/janreges/ai-distiller/internal/ir/types.go:208.48,210.2 1 2
github.com/janreges/ai-distiller/internal/ir/types.go:213.55,215.2 1 2
github.com/janreges/ai-distiller/internal/ir/types.go:218.63,220.2 1 0
github.com/janreges/ai-distiller/internal/ir/types.go:223.49,225.2 1 3
github.com/janreges/ai-distiller/internal/ir/types.go:228.56,230.2 1 1
github.com/janreges/ai-distiller/internal/ir/types.go:233.64,235.2 1 0
github.com/janreges/ai-distiller/internal/ir/types.go:238.55,247.2 2 1
github.com/janreges/ai-distiller/internal/ir/types.go:250.56,259.2 2 2
github.com/janreges/ai-distiller/internal/ir/visitor.go:14.63,16.2 1 2
github.com/janreges/ai-distiller/internal/ir/visitor.go:24.41,26.2 1 4
github.com/janreges/ai-distiller/internal/ir/visitor.go:29.57,30.17 1 8
github.com/janreges/ai-distiller/internal/ir/visitor.go:30.17,32.3 1 1
github.com/janreges/ai-distiller/internal/ir/visitor.go:35.2,36.19 2 7
github.com/janreges/ai-distiller/internal/ir/visitor.go:36.19,38.3 1 1
github.com/janreges/ai-distiller/internal/ir/visitor.go:41.2,41.55 1 6
github.com/janreges/ai-distiller/internal/ir/visitor.go:41.55,43.34 2 2
github.com/janreges/ai-distiller/internal/ir/visitor.go:43.34,44.50 1 4
github.com/janreges/ai-distiller/internal/ir/visitor.go:44.50,46.5 1 3
github.com/janreges/ai-distiller/internal/ir/visitor.go:51.3,51.49 1 2
github.com/janreges/ai-distiller/internal/ir/visitor.go:54.2,54.15 1 6
github.com/janreges/ai-distiller/internal/ir/visitor.go:58.93,59.26 1 4
github.com/janreges/ai-distiller/internal/ir/visitor.go:60.22,64.18 3 2
github.com/janreges/ai-distiller/internal/ir/visitor.go:67.10,69.14 1 2
github.com/janreges/ai-distiller/internal/ir/visitor.go:82.47,84.2 1 9
github.com/janreges/ai-distiller/internal/ir/visitor.go:87.63,89.2 1 12
github.com/janreges/ai-distiller/internal/ir/visitor.go:97.51,99.2 1 2
github.com/janreges/ai-distiller/internal/ir/visitor.go:102.64,104.37 2 2
github.com/janreges/ai-distiller/internal/ir/visitor.go:104.37,105.20 1 6
github.com/janreges/ai-distiller/internal/ir/visitor.go:105.20,106.9 1 1
github.com/janreges/ai-distiller/internal/ir/visitor.go:108.3,108.33 1 5
github.com/janreges/ai-distiller/internal/ir/visitor.go:110.2,110.15 1 2
